# JRE version: Java(TM) SE Runtime Environment (7.0_67-b01) (build 1.7.0_67-b01)
# Java VM: Java HotSpot(TM) 64-Bit Server VM (24.65-b04 mixed mode windows-amd64 compressed oops)
Heap
 PSYoungGen      total 486400K, used 87003K [0x00000007d5880000, 0x00000007faf80000, 0x0000000800000000)
  eden space 413696K, 20% used [0x00000007d5880000,0x00000007dac2ee20,0x00000007eec80000)
  from space 72704K, 1% used [0x00000007f6880000,0x00000007f69c8000,0x00000007faf80000)
  to   space 99840K, 0% used [0x00000007eec80000,0x00000007eec80000,0x00000007f4e00000)
 ParOldGen       total 400896K, used 206940K [0x0000000780a00000, 0x0000000799180000, 0x00000007d5880000)
  object space 400896K, 51% used [0x0000000780a00000,0x000000078d4171e8,0x0000000799180000)
 PSPermGen       total 39936K, used 18556K [0x000000077b800000, 0x000000077df00000, 0x0000000780a00000)
  object space 39936K, 46% used [0x000000077b800000,0x000000077ca1f3f0,0x000000077df00000)
GC Heap History (10 events):
Event: 3.960 GC heap before
{Heap before GC invocations=13 (full 1):
 PSYoungGen      total 278016K, used 271102K [0x00000007d5880000, 0x00000007f0380000, 0x0000000800000000)
  eden space 244736K, 100% used [0x00000007d5880000,0x00000007e4780000,0x00000007e4780000)
  from space 33280K, 79% used [0x00000007e4780000,0x00000007e613f8f8,0x00000007e6800000)
  to   space 36352K, 0% used [0x00000007ee000000,0x00000007ee000000,0x00000007f0380000)
 ParOldGen       total 132608K, used 81605K [0x0000000780a00000, 0x0000000788b80000, 0x00000007d5880000)
  object space 132608K, 61% used [0x0000000780a00000,0x00000007859b14e8,0x0000000788b80000)
 PSPermGen       total 36864K, used 18293K [0x000000077b800000, 0x000000077dc00000, 0x0000000780a00000)
  object space 36864K, 49% used [0x000000077b800000,0x000000077c9dd5a8,0x000000077dc00000)
Event: 3.989 GC heap after
Heap after GC invocations=13 (full 1):
 PSYoungGen      total 398336K, used 27261K [0x00000007d5880000, 0x00000007f0a00000, 0x0000000800000000)
  eden space 361984K, 0% used [0x00000007d5880000,0x00000007d5880000,0x00000007eba00000)
  from space 36352K, 74% used [0x00000007ee000000,0x00000007efa9f568,0x00000007f0380000)
  to   space 38912K, 0% used [0x00000007eba00000,0x00000007eba00000,0x00000007ee000000)
 ParOldGen       total 132608K, used 105869K [0x0000000780a00000, 0x0000000788b80000, 0x00000007d5880000)
  object space 132608K, 79% used [0x0000000780a00000,0x00000007871634e8,0x0000000788b80000)
 PSPermGen       total 36864K, used 18293K [0x000000077b800000, 0x000000077dc00000, 0x0000000780a00000)
  object space 36864K, 49% used [0x000000077b800000,0x000000077c9dd5a8,0x000000077dc00000)
}
Event: 3.989 GC heap before
{Heap before GC invocations=14 (full 2):
 PSYoungGen      total 398336K, used 27261K [0x00000007d5880000, 0x00000007f0a00000, 0x0000000800000000)
  eden space 361984K, 0% used [0x00000007d5880000,0x00000007d5880000,0x00000007eba00000)
  from space 36352K, 74% used [0x00000007ee000000,0x00000007efa9f568,0x00000007f0380000)
  to   space 38912K, 0% used [0x00000007eba00000,0x00000007eba00000,0x00000007ee000000)
 ParOldGen       total 132608K, used 105869K [0x0000000780a00000, 0x0000000788b80000, 0x00000007d5880000)
  object space 132608K, 79% used [0x0000000780a00000,0x00000007871634e8,0x0000000788b80000)
 PSPermGen       total 36864K, used 18293K [0x000000077b800000, 0x000000077dc00000, 0x0000000780a00000)
  object space 36864K, 49% used [0x000000077b800000,0x000000077c9dd5a8,0x000000077dc00000)
Event: 4.710 GC heap after
Heap after GC invocations=14 (full 2):
 PSYoungGen      total 398336K, used 0K [0x00000007d5880000, 0x00000007f0a00000, 0x0000000800000000)
  eden space 361984K, 0% used [0x00000007d5880000,0x00000007d5880000,0x00000007eba00000)
  from space 36352K, 0% used [0x00000007ee000000,0x00000007ee000000,0x00000007f0380000)
  to   space 38912K, 0% used [0x00000007eba00000,0x00000007eba00000,0x00000007ee000000)
 ParOldGen       total 230400K, used 114521K [0x0000000780a00000, 0x000000078eb00000, 0x00000007d5880000)
  object space 230400K, 49% used [0x0000000780a00000,0x00000007879d6420,0x000000078eb00000)
 PSPermGen       total 41472K, used 18293K [0x000000077b800000, 0x000000077e080000, 0x0000000780a00000)
  object space 41472K, 44% used [0x000000077b800000,0x000000077c9dd5a8,0x000000077e080000)
}
Event: 6.883 GC heap before
{Heap before GC invocations=15 (full 2):
 PSYoungGen      total 398336K, used 361984K [0x00000007d5880000, 0x00000007f0a00000, 0x0000000800000000)
  eden space 361984K, 100% used [0x00000007d5880000,0x00000007eba00000,0x00000007eba00000)
  from space 36352K, 0% used [0x00000007ee000000,0x00000007ee000000,0x00000007f0380000)
  to   space 38912K, 0% used [0x00000007eba00000,0x00000007eba00000,0x00000007ee000000)
 ParOldGen       total 230400K, used 114521K [0x0000000780a00000, 0x000000078eb00000, 0x00000007d5880000)
  object space 230400K, 49% used [0x0000000780a00000,0x00000007879d6420,0x000000078eb00000)
 PSPermGen       total 41472K, used 18359K [0x000000077b800000, 0x000000077e080000, 0x0000000780a00000)
  object space 41472K, 44% used [0x000000077b800000,0x000000077c9edf78,0x000000077e080000)
Event: 6.954 GC heap after
Heap after GC invocations=15 (full 2):
 PSYoungGen      total 400896K, used 38880K [0x00000007d5880000, 0x00000007fcb80000, 0x0000000800000000)
  eden space 361984K, 0% used [0x00000007d5880000,0x00000007d5880000,0x00000007eba00000)
  from space 38912K, 99% used [0x00000007eba00000,0x00000007edff8010,0x00000007ee000000)
  to   space 101376K, 0% used [0x00000007f6880000,0x00000007f6880000,0x00000007fcb80000)
 ParOldGen       total 266752K, used 266513K [0x0000000780a00000, 0x0000000790e80000, 0x00000007d5880000)
  object space 266752K, 99% used [0x0000000780a00000,0x0000000790e444b0,0x0000000790e80000)
 PSPermGen       total 41472K, used 18359K [0x000000077b800000, 0x000000077e080000, 0x0000000780a00000)
  object space 41472K, 44% used [0x000000077b800000,0x000000077c9edf78,0x000000077e080000)
}
Event: 6.954 GC heap before
{Heap before GC invocations=16 (full 3):
 PSYoungGen      total 400896K, used 38880K [0x00000007d5880000, 0x00000007fcb80000, 0x0000000800000000)
  eden space 361984K, 0% used [0x00000007d5880000,0x00000007d5880000,0x00000007eba00000)
  from space 38912K, 99% used [0x00000007eba00000,0x00000007edff8010,0x00000007ee000000)
  to   space 101376K, 0% used [0x00000007f6880000,0x00000007f6880000,0x00000007fcb80000)
 ParOldGen       total 266752K, used 266513K [0x0000000780a00000, 0x0000000790e80000, 0x00000007d5880000)
  object space 266752K, 99% used [0x0000000780a00000,0x0000000790e444b0,0x0000000790e80000)
 PSPermGen       total 41472K, used 18359K [0x000000077b800000, 0x000000077e080000, 0x0000000780a00000)
  object space 41472K, 44% used [0x000000077b800000,0x000000077c9edf78,0x000000077e080000)
Event: 7.883 GC heap after
Heap after GC invocations=16 (full 3):
 PSYoungGen      total 400896K, used 0K [0x00000007d5880000, 0x00000007fcb80000, 0x0000000800000000)
  eden space 361984K, 0% used [0x00000007d5880000,0x00000007d5880000,0x00000007eba00000)
  from space 38912K, 0% used [0x00000007eba00000,0x00000007eba00000,0x00000007ee000000)
  to   space 101376K, 0% used [0x00000007f6880000,0x00000007f6880000,0x00000007fcb80000)
 ParOldGen       total 400896K, used 206940K [0x0000000780a00000, 0x0000000799180000, 0x00000007d5880000)
  object space 400896K, 51% used [0x0000000780a00000,0x000000078d4171e8,0x0000000799180000)
 PSPermGen       total 39936K, used 18359K [0x000000077b800000, 0x000000077df00000, 0x0000000780a00000)
  object space 39936K, 45% used [0x000000077b800000,0x000000077c9edef8,0x000000077df00000)
}
Event: 9.353 GC heap before
{Heap before GC invocations=17 (full 3):
 PSYoungGen      total 400896K, used 335027K [0x00000007d5880000, 0x00000007fcb80000, 0x0000000800000000)
  eden space 361984K, 92% used [0x00000007d5880000,0x00000007e9facde0,0x00000007eba00000)
  from space 38912K, 0% used [0x00000007eba00000,0x00000007eba00000,0x00000007ee000000)
  to   space 101376K, 0% used [0x00000007f6880000,0x00000007f6880000,0x00000007fcb80000)
 ParOldGen       total 400896K, used 206940K [0x0000000780a00000, 0x0000000799180000, 0x00000007d5880000)
  object space 400896K, 51% used [0x0000000780a00000,0x000000078d4171e8,0x0000000799180000)
 PSPermGen       total 39936K, used 18384K [0x000000077b800000, 0x000000077df00000, 0x0000000780a00000)
  object space 39936K, 46% used [0x000000077b800000,0x000000077c9f4278,0x000000077df00000)
Event: 9.355 GC heap after
Heap after GC invocations=17 (full 3):
 PSYoungGen      total 486400K, used 1312K [0x00000007d5880000, 0x00000007faf80000, 0x0000000800000000)
  eden space 413696K, 0% used [0x00000007d5880000,0x00000007d5880000,0x00000007eec80000)
  from space 72704K, 1% used [0x00000007f6880000,0x00000007f69c8000,0x00000007faf80000)
  to   space 99840K, 0% used [0x00000007eec80000,0x00000007eec80000,0x00000007f4e00000)
 ParOldGen       total 400896K, used 206940K [0x0000000780a00000, 0x0000000799180000, 0x00000007d5880000)
  object space 400896K, 51% used [0x0000000780a00000,0x000000078d4171e8,0x0000000799180000)
 PSPermGen       total 39936K, used 18384K [0x000000077b800000, 0x000000077df00000, 0x0000000780a00000)
  object space 39936K, 46% used [0x000000077b800000,0x000000077c9f4278,0x000000077df00000)
}

