# JRE version: Java(TM) SE Runtime Environment (7.0_67-b01) (build 1.7.0_67-b01)
# Java VM: Java HotSpot(TM) 64-Bit Server VM (24.65-b04 mixed mode windows-amd64 compressed oops)
Heap
 PSYoungGen      total 424960K, used 350774K [0x00000007d5880000, 0x00000007f8e00000, 0x0000000800000000)
  eden space 282112K, 97% used [0x00000007d5880000,0x00000007e65aa3f8,0x00000007e6c00000)
  from space 142848K, 52% used [0x00000007f0280000,0x00000007f4be35a8,0x00000007f8e00000)
  to   space 148480K, 0% used [0x00000007e6c00000,0x00000007e6c00000,0x00000007efd00000)
 ParOldGen       total 178176K, used 96973K [0x0000000780a00000, 0x000000078b800000, 0x00000007d5880000)
  object space 178176K, 54% used [0x0000000780a00000,0x00000007868b3610,0x000000078b800000)
 PSPermGen       total 40960K, used 18543K [0x000000077b800000, 0x000000077e000000, 0x0000000780a00000)
  object space 40960K, 45% used [0x000000077b800000,0x000000077ca1be60,0x000000077e000000)
GC Heap History (10 events):
Event: 3.327 GC heap before
{Heap before GC invocations=16 (full 2):
 PSYoungGen      total 189952K, used 189948K [0x00000007d5880000, 0x00000007e9400000, 0x0000000800000000)
  eden space 131072K, 100% used [0x00000007d5880000,0x00000007dd880000,0x00000007dd880000)
  from space 58880K, 99% used [0x00000007dd880000,0x00000007e11ff1f0,0x00000007e1200000)
  to   space 70144K, 0% used [0x00000007e4f80000,0x00000007e4f80000,0x00000007e9400000)
 ParOldGen       total 178176K, used 32039K [0x0000000780a00000, 0x000000078b800000, 0x00000007d5880000)
  object space 178176K, 17% used [0x0000000780a00000,0x0000000782949d18,0x000000078b800000)
 PSPermGen       total 40960K, used 18292K [0x000000077b800000, 0x000000077e000000, 0x0000000780a00000)
  object space 40960K, 44% used [0x000000077b800000,0x000000077c9dd010,0x000000077e000000)
Event: 3.368 GC heap after
Heap after GC invocations=16 (full 2):
 PSYoungGen      total 240128K, used 70140K [0x00000007d5880000, 0x00000007eaf80000, 0x0000000800000000)
  eden space 169984K, 0% used [0x00000007d5880000,0x00000007d5880000,0x00000007dfe80000)
  from space 70144K, 99% used [0x00000007e4f80000,0x00000007e93ff1f0,0x00000007e9400000)
  to   space 82944K, 0% used [0x00000007dfe80000,0x00000007dfe80000,0x00000007e4f80000)
 ParOldGen       total 178176K, used 33895K [0x0000000780a00000, 0x000000078b800000, 0x00000007d5880000)
  object space 178176K, 19% used [0x0000000780a00000,0x0000000782b19d18,0x000000078b800000)
 PSPermGen       total 40960K, used 18292K [0x000000077b800000, 0x000000077e000000, 0x0000000780a00000)
  object space 40960K, 44% used [0x000000077b800000,0x000000077c9dd010,0x000000077e000000)
}
Event: 3.497 GC heap before
{Heap before GC invocations=17 (full 2):
 PSYoungGen      total 240128K, used 240124K [0x00000007d5880000, 0x00000007eaf80000, 0x0000000800000000)
  eden space 169984K, 100% used [0x00000007d5880000,0x00000007dfe80000,0x00000007dfe80000)
  from space 70144K, 99% used [0x00000007e4f80000,0x00000007e93ff1f0,0x00000007e9400000)
  to   space 82944K, 0% used [0x00000007dfe80000,0x00000007dfe80000,0x00000007e4f80000)
 ParOldGen       total 178176K, used 33895K [0x0000000780a00000, 0x000000078b800000, 0x00000007d5880000)
  object space 178176K, 19% used [0x0000000780a00000,0x0000000782b19d18,0x000000078b800000)
 PSPermGen       total 40960K, used 18292K [0x000000077b800000, 0x000000077e000000, 0x0000000780a00000)
  object space 40960K, 44% used [0x000000077b800000,0x000000077c9dd010,0x000000077e000000)
Event: 3.542 GC heap after
Heap after GC invocations=17 (full 2):
 PSYoungGen      total 252928K, used 81595K [0x00000007d5880000, 0x00000007f0180000, 0x0000000800000000)
  eden space 169984K, 0% used [0x00000007d5880000,0x00000007d5880000,0x00000007dfe80000)
  from space 82944K, 98% used [0x00000007dfe80000,0x00000007e4e2ee60,0x00000007e4f80000)
  to   space 96768K, 0% used [0x00000007ea300000,0x00000007ea300000,0x00000007f0180000)
 ParOldGen       total 178176K, used 40167K [0x0000000780a00000, 0x000000078b800000, 0x00000007d5880000)
  object space 178176K, 22% used [0x0000000780a00000,0x0000000783139d18,0x000000078b800000)
 PSPermGen       total 40960K, used 18292K [0x000000077b800000, 0x000000077e000000, 0x0000000780a00000)
  object space 40960K, 44% used [0x000000077b800000,0x000000077c9dd010,0x000000077e000000)
}
Event: 3.670 GC heap before
{Heap before GC invocations=18 (full 2):
 PSYoungGen      total 252928K, used 251579K [0x00000007d5880000, 0x00000007f0180000, 0x0000000800000000)
  eden space 169984K, 100% used [0x00000007d5880000,0x00000007dfe80000,0x00000007dfe80000)
  from space 82944K, 98% used [0x00000007dfe80000,0x00000007e4e2ee60,0x00000007e4f80000)
  to   space 96768K, 0% used [0x00000007ea300000,0x00000007ea300000,0x00000007f0180000)
 ParOldGen       total 178176K, used 40167K [0x0000000780a00000, 0x000000078b800000, 0x00000007d5880000)
  object space 178176K, 22% used [0x0000000780a00000,0x0000000783139d18,0x000000078b800000)
 PSPermGen       total 40960K, used 18292K [0x000000077b800000, 0x000000077e000000, 0x0000000780a00000)
  object space 40960K, 44% used [0x000000077b800000,0x000000077c9dd010,0x000000077e000000)
Event: 3.720 GC heap after
Heap after GC invocations=18 (full 2):
 PSYoungGen      total 323072K, used 92189K [0x00000007d5880000, 0x00000007f2100000, 0x0000000800000000)
  eden space 226304K, 0% used [0x00000007d5880000,0x00000007d5880000,0x00000007e3580000)
  from space 96768K, 95% used [0x00000007ea300000,0x00000007efd07568,0x00000007f0180000)
  to   space 112128K, 0% used [0x00000007e3580000,0x00000007e3580000,0x00000007ea300000)
 ParOldGen       total 178176K, used 46509K [0x0000000780a00000, 0x000000078b800000, 0x00000007d5880000)
  object space 178176K, 26% used [0x0000000780a00000,0x000000078376b610,0x000000078b800000)
 PSPermGen       total 40960K, used 18292K [0x000000077b800000, 0x000000077e000000, 0x0000000780a00000)
  object space 40960K, 44% used [0x000000077b800000,0x000000077c9dd010,0x000000077e000000)
}
Event: 5.327 GC heap before
{Heap before GC invocations=19 (full 2):
 PSYoungGen      total 323072K, used 303483K [0x00000007d5880000, 0x00000007f2100000, 0x0000000800000000)
  eden space 226304K, 93% used [0x00000007d5880000,0x00000007e26d7958,0x00000007e3580000)
  from space 96768K, 95% used [0x00000007ea300000,0x00000007efd07568,0x00000007f0180000)
  to   space 112128K, 0% used [0x00000007e3580000,0x00000007e3580000,0x00000007ea300000)
 ParOldGen       total 178176K, used 46509K [0x0000000780a00000, 0x000000078b800000, 0x00000007d5880000)
  object space 178176K, 26% used [0x0000000780a00000,0x000000078376b610,0x000000078b800000)
 PSPermGen       total 40960K, used 18357K [0x000000077b800000, 0x000000077e000000, 0x0000000780a00000)
  object space 40960K, 44% used [0x000000077b800000,0x000000077c9ed6f0,0x000000077e000000)
Event: 5.382 GC heap after
Heap after GC invocations=19 (full 2):
 PSYoungGen      total 338432K, used 112125K [0x00000007d5880000, 0x00000007f9500000, 0x0000000800000000)
  eden space 226304K, 0% used [0x00000007d5880000,0x00000007d5880000,0x00000007e3580000)
  from space 112128K, 99% used [0x00000007e3580000,0x00000007ea2ff598,0x00000007ea300000)
  to   space 150016K, 0% used [0x00000007f0280000,0x00000007f0280000,0x00000007f9500000)
 ParOldGen       total 178176K, used 96565K [0x0000000780a00000, 0x000000078b800000, 0x00000007d5880000)
  object space 178176K, 54% used [0x0000000780a00000,0x000000078684d610,0x000000078b800000)
 PSPermGen       total 40960K, used 18357K [0x000000077b800000, 0x000000077e000000, 0x0000000780a00000)
  object space 40960K, 44% used [0x000000077b800000,0x000000077c9ed6f0,0x000000077e000000)
}
Event: 6.304 GC heap before
{Heap before GC invocations=20 (full 2):
 PSYoungGen      total 338432K, used 338429K [0x00000007d5880000, 0x00000007f9500000, 0x0000000800000000)
  eden space 226304K, 100% used [0x00000007d5880000,0x00000007e3580000,0x00000007e3580000)
  from space 112128K, 99% used [0x00000007e3580000,0x00000007ea2ff598,0x00000007ea300000)
  to   space 150016K, 0% used [0x00000007f0280000,0x00000007f0280000,0x00000007f9500000)
 ParOldGen       total 178176K, used 96565K [0x0000000780a00000, 0x000000078b800000, 0x00000007d5880000)
  object space 178176K, 54% used [0x0000000780a00000,0x000000078684d610,0x000000078b800000)
 PSPermGen       total 40960K, used 18358K [0x000000077b800000, 0x000000077e000000, 0x0000000780a00000)
  object space 40960K, 44% used [0x000000077b800000,0x000000077c9edb10,0x000000077e000000)
Event: 6.350 GC heap after
Heap after GC invocations=20 (full 2):
 PSYoungGen      total 424960K, used 75149K [0x00000007d5880000, 0x00000007f8e00000, 0x0000000800000000)
  eden space 282112K, 0% used [0x00000007d5880000,0x00000007d5880000,0x00000007e6c00000)
  from space 142848K, 52% used [0x00000007f0280000,0x00000007f4be35a8,0x00000007f8e00000)
  to   space 148480K, 0% used [0x00000007e6c00000,0x00000007e6c00000,0x00000007efd00000)
 ParOldGen       total 178176K, used 96973K [0x0000000780a00000, 0x000000078b800000, 0x00000007d5880000)
  object space 178176K, 54% used [0x0000000780a00000,0x00000007868b3610,0x000000078b800000)
 PSPermGen       total 40960K, used 18358K [0x000000077b800000, 0x000000077e000000, 0x0000000780a00000)
  object space 40960K, 44% used [0x000000077b800000,0x000000077c9edb10,0x000000077e000000)
}

