# JRE version: Java(TM) SE Runtime Environment (7.0_67-b01) (build 1.7.0_67-b01)
# Java VM: Java HotSpot(TM) 64-Bit Server VM (24.65-b04 mixed mode windows-amd64 compressed oops)
Heap
 PSYoungGen      total 409088K, used 99907K [0x00000007d5880000, 0x00000007f5680000, 0x0000000800000000)
  eden space 371712K, 26% used [0x00000007d5880000,0x00000007dba10c98,0x00000007ec380000)
  from space 37376K, 0% used [0x00000007f0380000,0x00000007f0380000,0x00000007f2800000)
  to   space 65536K, 0% used [0x00000007ec380000,0x00000007ec380000,0x00000007f0380000)
 ParOldGen       total 290304K, used 158281K [0x0000000780a00000, 0x0000000792580000, 0x00000007d5880000)
  object space 290304K, 54% used [0x0000000780a00000,0x000000078a492628,0x0000000792580000)
 PSPermGen       total 41472K, used 18644K [0x000000077b800000, 0x000000077e080000, 0x0000000780a00000)
  object space 41472K, 44% used [0x000000077b800000,0x000000077ca35130,0x000000077e080000)
GC Heap History (10 events):
Event: 3.561 GC heap before
{Heap before GC invocations=12 (full 0):
 PSYoungGen      total 226304K, used 226302K [0x00000007d5880000, 0x00000007ed300000, 0x0000000800000000)
  eden space 206336K, 100% used [0x00000007d5880000,0x00000007e2200000,0x00000007e2200000)
  from space 19968K, 99% used [0x00000007e2200000,0x00000007e357f8f8,0x00000007e3580000)
  to   space 28672K, 0% used [0x00000007eb700000,0x00000007eb700000,0x00000007ed300000)
 ParOldGen       total 86528K, used 68845K [0x0000000780a00000, 0x0000000785e80000, 0x00000007d5880000)
  object space 86528K, 79% used [0x0000000780a00000,0x0000000784d3b408,0x0000000785e80000)
 PSPermGen       total 21504K, used 18311K [0x000000077b800000, 0x000000077cd00000, 0x0000000780a00000)
  object space 21504K, 85% used [0x000000077b800000,0x000000077c9e1e78,0x000000077cd00000)
Event: 3.585 GC heap after
Heap after GC invocations=12 (full 0):
 PSYoungGen      total 357376K, used 20640K [0x00000007d5880000, 0x00000007ed600000, 0x0000000800000000)
  eden space 328704K, 0% used [0x00000007d5880000,0x00000007d5880000,0x00000007e9980000)
  from space 28672K, 71% used [0x00000007eb700000,0x00000007ecb28000,0x00000007ed300000)
  to   space 30208K, 0% used [0x00000007e9980000,0x00000007e9980000,0x00000007eb700000)
 ParOldGen       total 89088K, used 88891K [0x0000000780a00000, 0x0000000786100000, 0x00000007d5880000)
  object space 89088K, 99% used [0x0000000780a00000,0x00000007860ced00,0x0000000786100000)
 PSPermGen       total 21504K, used 18311K [0x000000077b800000, 0x000000077cd00000, 0x0000000780a00000)
  object space 21504K, 85% used [0x000000077b800000,0x000000077c9e1e78,0x000000077cd00000)
}
Event: 3.585 GC heap before
{Heap before GC invocations=13 (full 1):
 PSYoungGen      total 357376K, used 20640K [0x00000007d5880000, 0x00000007ed600000, 0x0000000800000000)
  eden space 328704K, 0% used [0x00000007d5880000,0x00000007d5880000,0x00000007e9980000)
  from space 28672K, 71% used [0x00000007eb700000,0x00000007ecb28000,0x00000007ed300000)
  to   space 30208K, 0% used [0x00000007e9980000,0x00000007e9980000,0x00000007eb700000)
 ParOldGen       total 89088K, used 88891K [0x0000000780a00000, 0x0000000786100000, 0x00000007d5880000)
  object space 89088K, 99% used [0x0000000780a00000,0x00000007860ced00,0x0000000786100000)
 PSPermGen       total 21504K, used 18311K [0x000000077b800000, 0x000000077cd00000, 0x0000000780a00000)
  object space 21504K, 85% used [0x000000077b800000,0x000000077c9e1e78,0x000000077cd00000)
Event: 4.113 GC heap after
Heap after GC invocations=13 (full 1):
 PSYoungGen      total 357376K, used 1068K [0x00000007d5880000, 0x00000007ed600000, 0x0000000800000000)
  eden space 328704K, 0% used [0x00000007d5880000,0x00000007d5880000,0x00000007e9980000)
  from space 28672K, 3% used [0x00000007eb700000,0x00000007eb80b160,0x00000007ed300000)
  to   space 30208K, 0% used [0x00000007e9980000,0x00000007e9980000,0x00000007eb700000)
 ParOldGen       total 163328K, used 88580K [0x0000000780a00000, 0x000000078a980000, 0x00000007d5880000)
  object space 163328K, 54% used [0x0000000780a00000,0x0000000786081068,0x000000078a980000)
 PSPermGen       total 36864K, used 18305K [0x000000077b800000, 0x000000077dc00000, 0x0000000780a00000)
  object space 36864K, 49% used [0x000000077b800000,0x000000077c9e07e0,0x000000077dc00000)
}
Event: 4.409 GC heap before
{Heap before GC invocations=14 (full 1):
 PSYoungGen      total 357376K, used 329772K [0x00000007d5880000, 0x00000007ed600000, 0x0000000800000000)
  eden space 328704K, 100% used [0x00000007d5880000,0x00000007e9980000,0x00000007e9980000)
  from space 28672K, 3% used [0x00000007eb700000,0x00000007eb80b160,0x00000007ed300000)
  to   space 30208K, 0% used [0x00000007e9980000,0x00000007e9980000,0x00000007eb700000)
 ParOldGen       total 163328K, used 88580K [0x0000000780a00000, 0x000000078a980000, 0x00000007d5880000)
  object space 163328K, 54% used [0x0000000780a00000,0x0000000786081068,0x000000078a980000)
 PSPermGen       total 36864K, used 18309K [0x000000077b800000, 0x000000077dc00000, 0x0000000780a00000)
  object space 36864K, 49% used [0x000000077b800000,0x000000077c9e15e8,0x000000077dc00000)
Event: 4.438 GC heap after
Heap after GC invocations=14 (full 1):
 PSYoungGen      total 358912K, used 30205K [0x00000007d5880000, 0x00000007f2800000, 0x0000000800000000)
  eden space 328704K, 0% used [0x00000007d5880000,0x00000007d5880000,0x00000007e9980000)
  from space 30208K, 99% used [0x00000007e9980000,0x00000007eb6ff568,0x00000007eb700000)
  to   space 37376K, 0% used [0x00000007f0380000,0x00000007f0380000,0x00000007f2800000)
 ParOldGen       total 163328K, used 95316K [0x0000000780a00000, 0x000000078a980000, 0x00000007d5880000)
  object space 163328K, 58% used [0x0000000780a00000,0x0000000786715068,0x000000078a980000)
 PSPermGen       total 36864K, used 18309K [0x000000077b800000, 0x000000077dc00000, 0x0000000780a00000)
  object space 36864K, 49% used [0x000000077b800000,0x000000077c9e15e8,0x000000077dc00000)
}
Event: 6.447 GC heap before
{Heap before GC invocations=15 (full 1):
 PSYoungGen      total 358912K, used 358909K [0x00000007d5880000, 0x00000007f2800000, 0x0000000800000000)
  eden space 328704K, 100% used [0x00000007d5880000,0x00000007e9980000,0x00000007e9980000)
  from space 30208K, 99% used [0x00000007e9980000,0x00000007eb6ff568,0x00000007eb700000)
  to   space 37376K, 0% used [0x00000007f0380000,0x00000007f0380000,0x00000007f2800000)
 ParOldGen       total 163328K, used 95316K [0x0000000780a00000, 0x000000078a980000, 0x00000007d5880000)
  object space 163328K, 58% used [0x0000000780a00000,0x0000000786715068,0x000000078a980000)
 PSPermGen       total 36864K, used 18480K [0x000000077b800000, 0x000000077dc00000, 0x0000000780a00000)
  object space 36864K, 50% used [0x000000077b800000,0x000000077ca0c0e0,0x000000077dc00000)
Event: 6.490 GC heap after
Heap after GC invocations=15 (full 1):
 PSYoungGen      total 409088K, used 37344K [0x00000007d5880000, 0x00000007f5680000, 0x0000000800000000)
  eden space 371712K, 0% used [0x00000007d5880000,0x00000007d5880000,0x00000007ec380000)
  from space 37376K, 99% used [0x00000007f0380000,0x00000007f27f8050,0x00000007f2800000)
  to   space 65536K, 0% used [0x00000007ec380000,0x00000007ec380000,0x00000007f0380000)
 ParOldGen       total 163328K, used 156049K [0x0000000780a00000, 0x000000078a980000, 0x00000007d5880000)
  object space 163328K, 95% used [0x0000000780a00000,0x000000078a264640,0x000000078a980000)
 PSPermGen       total 36864K, used 18480K [0x000000077b800000, 0x000000077dc00000, 0x0000000780a00000)
  object space 36864K, 50% used [0x000000077b800000,0x000000077ca0c0e0,0x000000077dc00000)
}
Event: 6.490 GC heap before
{Heap before GC invocations=16 (full 2):
 PSYoungGen      total 409088K, used 37344K [0x00000007d5880000, 0x00000007f5680000, 0x0000000800000000)
  eden space 371712K, 0% used [0x00000007d5880000,0x00000007d5880000,0x00000007ec380000)
  from space 37376K, 99% used [0x00000007f0380000,0x00000007f27f8050,0x00000007f2800000)
  to   space 65536K, 0% used [0x00000007ec380000,0x00000007ec380000,0x00000007f0380000)
 ParOldGen       total 163328K, used 156049K [0x0000000780a00000, 0x000000078a980000, 0x00000007d5880000)
  object space 163328K, 95% used [0x0000000780a00000,0x000000078a264640,0x000000078a980000)
 PSPermGen       total 36864K, used 18480K [0x000000077b800000, 0x000000077dc00000, 0x0000000780a00000)
  object space 36864K, 50% used [0x000000077b800000,0x000000077ca0c0e0,0x000000077dc00000)
Event: 7.044 GC heap after
Heap after GC invocations=16 (full 2):
 PSYoungGen      total 409088K, used 0K [0x00000007d5880000, 0x00000007f5680000, 0x0000000800000000)
  eden space 371712K, 0% used [0x00000007d5880000,0x00000007d5880000,0x00000007ec380000)
  from space 37376K, 0% used [0x00000007f0380000,0x00000007f0380000,0x00000007f2800000)
  to   space 65536K, 0% used [0x00000007ec380000,0x00000007ec380000,0x00000007f0380000)
 ParOldGen       total 290304K, used 158281K [0x0000000780a00000, 0x0000000792580000, 0x00000007d5880000)
  object space 290304K, 54% used [0x0000000780a00000,0x000000078a492628,0x0000000792580000)
 PSPermGen       total 41472K, used 18480K [0x000000077b800000, 0x000000077e080000, 0x0000000780a00000)
  object space 41472K, 44% used [0x000000077b800000,0x000000077ca0c0a0,0x000000077e080000)
}

