# JRE version: Java(TM) SE Runtime Environment (7.0_67-b01) (build 1.7.0_67-b01)
# Java VM: Java HotSpot(TM) 64-Bit Server VM (24.65-b04 mixed mode windows-amd64 compressed oops)
Heap
 PSYoungGen      total 340480K, used 241322K [0x00000007d5880000, 0x00000007f2480000, 0x0000000800000000)
  eden space 238592K, 83% used [0x00000007d5880000,0x00000007e1b729f8,0x00000007e4180000)
  from space 101888K, 40% used [0x00000007e4180000,0x00000007e6a38070,0x00000007ea500000)
  to   space 97280K, 0% used [0x00000007ec580000,0x00000007ec580000,0x00000007f2480000)
 ParOldGen       total 328704K, used 240562K [0x0000000780a00000, 0x0000000794b00000, 0x00000007d5880000)
  object space 328704K, 73% used [0x0000000780a00000,0x000000078f4ecaf8,0x0000000794b00000)
 PSPermGen       total 39424K, used 18543K [0x000000077b800000, 0x000000077de80000, 0x0000000780a00000)
  object space 39424K, 47% used [0x000000077b800000,0x000000077ca1bdd8,0x000000077de80000)
GC Heap History (10 events):
Event: 3.484 GC heap before
{Heap before GC invocations=18 (full 2):
 PSYoungGen      total 197632K, used 186525K [0x00000007d5880000, 0x00000007e8a80000, 0x0000000800000000)
  eden space 146432K, 100% used [0x00000007d5880000,0x00000007de780000,0x00000007de780000)
  from space 51200K, 78% used [0x00000007de780000,0x00000007e0ea7568,0x00000007e1980000)
  to   space 55808K, 0% used [0x00000007e5400000,0x00000007e5400000,0x00000007e8a80000)
 ParOldGen       total 179200K, used 70410K [0x0000000780a00000, 0x000000078b900000, 0x00000007d5880000)
  object space 179200K, 39% used [0x0000000780a00000,0x0000000784ec28f0,0x000000078b900000)
 PSPermGen       total 40960K, used 18291K [0x000000077b800000, 0x000000077e000000, 0x0000000780a00000)
  object space 40960K, 44% used [0x000000077b800000,0x000000077c9dcfe8,0x000000077e000000)
Event: 3.514 GC heap after
Heap after GC invocations=18 (full 2):
 PSYoungGen      total 257024K, used 32125K [0x00000007d5880000, 0x00000007e8c80000, 0x0000000800000000)
  eden space 201216K, 0% used [0x00000007d5880000,0x00000007d5880000,0x00000007e1d00000)
  from space 55808K, 57% used [0x00000007e5400000,0x00000007e735f568,0x00000007e8a80000)
  to   space 56320K, 0% used [0x00000007e1d00000,0x00000007e1d00000,0x00000007e5400000)
 ParOldGen       total 179200K, used 93082K [0x0000000780a00000, 0x000000078b900000, 0x00000007d5880000)
  object space 179200K, 51% used [0x0000000780a00000,0x00000007864e68f0,0x000000078b900000)
 PSPermGen       total 40960K, used 18291K [0x000000077b800000, 0x000000077e000000, 0x0000000780a00000)
  object space 40960K, 44% used [0x000000077b800000,0x000000077c9dcfe8,0x000000077e000000)
}
Event: 3.714 GC heap before
{Heap before GC invocations=19 (full 2):
 PSYoungGen      total 257024K, used 233341K [0x00000007d5880000, 0x00000007e8c80000, 0x0000000800000000)
  eden space 201216K, 100% used [0x00000007d5880000,0x00000007e1d00000,0x00000007e1d00000)
  from space 55808K, 57% used [0x00000007e5400000,0x00000007e735f568,0x00000007e8a80000)
  to   space 56320K, 0% used [0x00000007e1d00000,0x00000007e1d00000,0x00000007e5400000)
 ParOldGen       total 179200K, used 93082K [0x0000000780a00000, 0x000000078b900000, 0x00000007d5880000)
  object space 179200K, 51% used [0x0000000780a00000,0x00000007864e68f0,0x000000078b900000)
 PSPermGen       total 40960K, used 18294K [0x000000077b800000, 0x000000077e000000, 0x0000000780a00000)
  object space 40960K, 44% used [0x000000077b800000,0x000000077c9dd910,0x000000077e000000)
Event: 3.760 GC heap after
Heap after GC invocations=19 (full 2):
 PSYoungGen      total 257536K, used 56308K [0x00000007d5880000, 0x00000007efd80000, 0x0000000800000000)
  eden space 201216K, 0% used [0x00000007d5880000,0x00000007d5880000,0x00000007e1d00000)
  from space 56320K, 99% used [0x00000007e1d00000,0x00000007e53fd120,0x00000007e5400000)
  to   space 89088K, 0% used [0x00000007ea680000,0x00000007ea680000,0x00000007efd80000)
 ParOldGen       total 179200K, used 156009K [0x0000000780a00000, 0x000000078b900000, 0x00000007d5880000)
  object space 179200K, 87% used [0x0000000780a00000,0x000000078a25a6e8,0x000000078b900000)
 PSPermGen       total 40960K, used 18294K [0x000000077b800000, 0x000000077e000000, 0x0000000780a00000)
  object space 40960K, 44% used [0x000000077b800000,0x000000077c9dd910,0x000000077e000000)
}
Event: 3.760 GC heap before
{Heap before GC invocations=20 (full 3):
 PSYoungGen      total 257536K, used 56308K [0x00000007d5880000, 0x00000007efd80000, 0x0000000800000000)
  eden space 201216K, 0% used [0x00000007d5880000,0x00000007d5880000,0x00000007e1d00000)
  from space 56320K, 99% used [0x00000007e1d00000,0x00000007e53fd120,0x00000007e5400000)
  to   space 89088K, 0% used [0x00000007ea680000,0x00000007ea680000,0x00000007efd80000)
 ParOldGen       total 179200K, used 156009K [0x0000000780a00000, 0x000000078b900000, 0x00000007d5880000)
  object space 179200K, 87% used [0x0000000780a00000,0x000000078a25a6e8,0x000000078b900000)
 PSPermGen       total 40960K, used 18294K [0x000000077b800000, 0x000000077e000000, 0x0000000780a00000)
  object space 40960K, 44% used [0x000000077b800000,0x000000077c9dd910,0x000000077e000000)
Event: 4.573 GC heap after
Heap after GC invocations=20 (full 3):
 PSYoungGen      total 257536K, used 0K [0x00000007d5880000, 0x00000007efd80000, 0x0000000800000000)
  eden space 201216K, 0% used [0x00000007d5880000,0x00000007d5880000,0x00000007e1d00000)
  from space 56320K, 0% used [0x00000007e1d00000,0x00000007e1d00000,0x00000007e5400000)
  to   space 89088K, 0% used [0x00000007ea680000,0x00000007ea680000,0x00000007efd80000)
 ParOldGen       total 328704K, used 158642K [0x0000000780a00000, 0x0000000794b00000, 0x00000007d5880000)
  object space 328704K, 48% used [0x0000000780a00000,0x000000078a4ecaa8,0x0000000794b00000)
 PSPermGen       total 39424K, used 18294K [0x000000077b800000, 0x000000077de80000, 0x0000000780a00000)
  object space 39424K, 46% used [0x000000077b800000,0x000000077c9dd910,0x000000077de80000)
}
Event: 6.372 GC heap before
{Heap before GC invocations=21 (full 3):
 PSYoungGen      total 257536K, used 201216K [0x00000007d5880000, 0x00000007efd80000, 0x0000000800000000)
  eden space 201216K, 100% used [0x00000007d5880000,0x00000007e1d00000,0x00000007e1d00000)
  from space 56320K, 0% used [0x00000007e1d00000,0x00000007e1d00000,0x00000007e5400000)
  to   space 89088K, 0% used [0x00000007ea680000,0x00000007ea680000,0x00000007efd80000)
 ParOldGen       total 328704K, used 158642K [0x0000000780a00000, 0x0000000794b00000, 0x00000007d5880000)
  object space 328704K, 48% used [0x0000000780a00000,0x000000078a4ecaa8,0x0000000794b00000)
 PSPermGen       total 39424K, used 18357K [0x000000077b800000, 0x000000077de80000, 0x0000000780a00000)
  object space 39424K, 46% used [0x000000077b800000,0x000000077c9ed6c8,0x000000077de80000)
Event: 6.418 GC heap after
Heap after GC invocations=21 (full 3):
 PSYoungGen      total 327680K, used 82432K [0x00000007d5880000, 0x00000007f0880000, 0x0000000800000000)
  eden space 238592K, 0% used [0x00000007d5880000,0x00000007d5880000,0x00000007e4180000)
  from space 89088K, 92% used [0x00000007ea680000,0x00000007ef700050,0x00000007efd80000)
  to   space 101888K, 0% used [0x00000007e4180000,0x00000007e4180000,0x00000007ea500000)
 ParOldGen       total 328704K, used 240562K [0x0000000780a00000, 0x0000000794b00000, 0x00000007d5880000)
  object space 328704K, 73% used [0x0000000780a00000,0x000000078f4ecaf8,0x0000000794b00000)
 PSPermGen       total 39424K, used 18357K [0x000000077b800000, 0x000000077de80000, 0x0000000780a00000)
  object space 39424K, 46% used [0x000000077b800000,0x000000077c9ed6c8,0x000000077de80000)
}
Event: 7.344 GC heap before
{Heap before GC invocations=22 (full 3):
 PSYoungGen      total 327680K, used 321024K [0x00000007d5880000, 0x00000007f0880000, 0x0000000800000000)
  eden space 238592K, 100% used [0x00000007d5880000,0x00000007e4180000,0x00000007e4180000)
  from space 89088K, 92% used [0x00000007ea680000,0x00000007ef700050,0x00000007efd80000)
  to   space 101888K, 0% used [0x00000007e4180000,0x00000007e4180000,0x00000007ea500000)
 ParOldGen       total 328704K, used 240562K [0x0000000780a00000, 0x0000000794b00000, 0x00000007d5880000)
  object space 328704K, 73% used [0x0000000780a00000,0x000000078f4ecaf8,0x0000000794b00000)
 PSPermGen       total 39424K, used 18358K [0x000000077b800000, 0x000000077de80000, 0x0000000780a00000)
  object space 39424K, 46% used [0x000000077b800000,0x000000077c9edae8,0x000000077de80000)
Event: 7.351 GC heap after
Heap after GC invocations=22 (full 3):
 PSYoungGen      total 340480K, used 41696K [0x00000007d5880000, 0x00000007f2480000, 0x0000000800000000)
  eden space 238592K, 0% used [0x00000007d5880000,0x00000007d5880000,0x00000007e4180000)
  from space 101888K, 40% used [0x00000007e4180000,0x00000007e6a38070,0x00000007ea500000)
  to   space 97280K, 0% used [0x00000007ec580000,0x00000007ec580000,0x00000007f2480000)
 ParOldGen       total 328704K, used 240562K [0x0000000780a00000, 0x0000000794b00000, 0x00000007d5880000)
  object space 328704K, 73% used [0x0000000780a00000,0x000000078f4ecaf8,0x0000000794b00000)
 PSPermGen       total 39424K, used 18358K [0x000000077b800000, 0x000000077de80000, 0x0000000780a00000)
  object space 39424K, 46% used [0x000000077b800000,0x000000077c9edae8,0x000000077de80000)
}

