# JRE version: Java(TM) SE Runtime Environment (7.0_67-b01) (build 1.7.0_67-b01)
# Java VM: Java HotSpot(TM) 64-Bit Server VM (24.65-b04 mixed mode windows-amd64 compressed oops)
Heap
 PSYoungGen      total 458752K, used 225421K [0x00000007d5880000, 0x00000007fe480000, 0x0000000800000000)
  eden space 289792K, 67% used [0x00000007d5880000,0x00000007e16435f0,0x00000007e7380000)
  from space 168960K, 18% used [0x00000007f3f80000,0x00000007f5de0060,0x00000007fe480000)
  to   space 188928K, 0% used [0x00000007e7380000,0x00000007e7380000,0x00000007f2c00000)
 ParOldGen       total 390656K, used 200799K [0x0000000780a00000, 0x0000000798780000, 0x00000007d5880000)
  object space 390656K, 51% used [0x0000000780a00000,0x000000078ce17e58,0x0000000798780000)
 PSPermGen       total 39424K, used 18543K [0x000000077b800000, 0x000000077de80000, 0x0000000780a00000)
  object space 39424K, 47% used [0x000000077b800000,0x000000077ca1bde8,0x000000077de80000)
GC Heap History (10 events):
Event: 3.375 GC heap before
{Heap before GC invocations=17 (full 2):
 PSYoungGen      total 253440K, used 253436K [0x00000007d5880000, 0x00000007ebe80000, 0x0000000800000000)
  eden space 182272K, 100% used [0x00000007d5880000,0x00000007e0a80000,0x00000007e0a80000)
  from space 71168K, 99% used [0x00000007e5d00000,0x00000007ea27f1f0,0x00000007ea280000)
  to   space 84480K, 0% used [0x00000007e0a80000,0x00000007e0a80000,0x00000007e5d00000)
 ParOldGen       total 177152K, used 35781K [0x0000000780a00000, 0x000000078b700000, 0x00000007d5880000)
  object space 177152K, 20% used [0x0000000780a00000,0x0000000782cf17d0,0x000000078b700000)
 PSPermGen       total 40960K, used 18292K [0x000000077b800000, 0x000000077e000000, 0x0000000780a00000)
  object space 40960K, 44% used [0x000000077b800000,0x000000077c9dd010,0x000000077e000000)
Event: 3.426 GC heap after
Heap after GC invocations=17 (full 2):
 PSYoungGen      total 266752K, used 83899K [0x00000007d5880000, 0x00000007f1900000, 0x0000000800000000)
  eden space 182272K, 0% used [0x00000007d5880000,0x00000007d5880000,0x00000007e0a80000)
  from space 84480K, 99% used [0x00000007e0a80000,0x00000007e5c6ee60,0x00000007e5d00000)
  to   space 98816K, 0% used [0x00000007eb880000,0x00000007eb880000,0x00000007f1900000)
 ParOldGen       total 177152K, used 42061K [0x0000000780a00000, 0x000000078b700000, 0x00000007d5880000)
  object space 177152K, 23% used [0x0000000780a00000,0x00000007833137d0,0x000000078b700000)
 PSPermGen       total 40960K, used 18292K [0x000000077b800000, 0x000000077e000000, 0x0000000780a00000)
  object space 40960K, 44% used [0x000000077b800000,0x000000077c9dd010,0x000000077e000000)
}
Event: 3.601 GC heap before
{Heap before GC invocations=18 (full 2):
 PSYoungGen      total 266752K, used 254383K [0x00000007d5880000, 0x00000007f1900000, 0x0000000800000000)
  eden space 182272K, 93% used [0x00000007d5880000,0x00000007dfefcdd8,0x00000007e0a80000)
  from space 84480K, 99% used [0x00000007e0a80000,0x00000007e5c6ee60,0x00000007e5d00000)
  to   space 98816K, 0% used [0x00000007eb880000,0x00000007eb880000,0x00000007f1900000)
 ParOldGen       total 177152K, used 42061K [0x0000000780a00000, 0x000000078b700000, 0x00000007d5880000)
  object space 177152K, 23% used [0x0000000780a00000,0x00000007833137d0,0x000000078b700000)
 PSPermGen       total 40960K, used 18294K [0x000000077b800000, 0x000000077e000000, 0x0000000780a00000)
  object space 40960K, 44% used [0x000000077b800000,0x000000077c9dd938,0x000000077e000000)
Event: 3.658 GC heap after
Heap after GC invocations=18 (full 2):
 PSYoungGen      total 336384K, used 98813K [0x00000007d5880000, 0x00000007f4880000, 0x0000000800000000)
  eden space 237568K, 0% used [0x00000007d5880000,0x00000007d5880000,0x00000007e4080000)
  from space 98816K, 99% used [0x00000007eb880000,0x00000007f18ff568,0x00000007f1900000)
  to   space 122880K, 0% used [0x00000007e4080000,0x00000007e4080000,0x00000007eb880000)
 ParOldGen       total 177152K, used 60308K [0x0000000780a00000, 0x000000078b700000, 0x00000007d5880000)
  object space 177152K, 34% used [0x0000000780a00000,0x00000007844e50c8,0x000000078b700000)
 PSPermGen       total 40960K, used 18294K [0x000000077b800000, 0x000000077e000000, 0x0000000780a00000)
  object space 40960K, 44% used [0x000000077b800000,0x000000077c9dd938,0x000000077e000000)
}
Event: 5.527 GC heap before
{Heap before GC invocations=19 (full 2):
 PSYoungGen      total 336384K, used 336381K [0x00000007d5880000, 0x00000007f4880000, 0x0000000800000000)
  eden space 237568K, 100% used [0x00000007d5880000,0x00000007e4080000,0x00000007e4080000)
  from space 98816K, 99% used [0x00000007eb880000,0x00000007f18ff568,0x00000007f1900000)
  to   space 122880K, 0% used [0x00000007e4080000,0x00000007e4080000,0x00000007eb880000)
 ParOldGen       total 177152K, used 60308K [0x0000000780a00000, 0x000000078b700000, 0x00000007d5880000)
  object space 177152K, 34% used [0x0000000780a00000,0x00000007844e50c8,0x000000078b700000)
 PSPermGen       total 40960K, used 18358K [0x000000077b800000, 0x000000077e000000, 0x0000000780a00000)
  object space 40960K, 44% used [0x000000077b800000,0x000000077c9ed930,0x000000077e000000)
Event: 5.604 GC heap after
Heap after GC invocations=19 (full 2):
 PSYoungGen      total 360448K, used 122877K [0x00000007d5880000, 0x00000007fff00000, 0x0000000800000000)
  eden space 237568K, 0% used [0x00000007d5880000,0x00000007d5880000,0x00000007e4080000)
  from space 122880K, 99% used [0x00000007e4080000,0x00000007eb87f5c8,0x00000007eb880000)
  to   space 196096K, 0% used [0x00000007f3f80000,0x00000007f3f80000,0x00000007fff00000)
 ParOldGen       total 201216K, used 200620K [0x0000000780a00000, 0x000000078ce80000, 0x00000007d5880000)
  object space 201216K, 99% used [0x0000000780a00000,0x000000078cdeb108,0x000000078ce80000)
 PSPermGen       total 40960K, used 18358K [0x000000077b800000, 0x000000077e000000, 0x0000000780a00000)
  object space 40960K, 44% used [0x000000077b800000,0x000000077c9ed930,0x000000077e000000)
}
Event: 5.604 GC heap before
{Heap before GC invocations=20 (full 3):
 PSYoungGen      total 360448K, used 122877K [0x00000007d5880000, 0x00000007fff00000, 0x0000000800000000)
  eden space 237568K, 0% used [0x00000007d5880000,0x00000007d5880000,0x00000007e4080000)
  from space 122880K, 99% used [0x00000007e4080000,0x00000007eb87f5c8,0x00000007eb880000)
  to   space 196096K, 0% used [0x00000007f3f80000,0x00000007f3f80000,0x00000007fff00000)
 ParOldGen       total 201216K, used 200620K [0x0000000780a00000, 0x000000078ce80000, 0x00000007d5880000)
  object space 201216K, 99% used [0x0000000780a00000,0x000000078cdeb108,0x000000078ce80000)
 PSPermGen       total 40960K, used 18358K [0x000000077b800000, 0x000000077e000000, 0x0000000780a00000)
  object space 40960K, 44% used [0x000000077b800000,0x000000077c9ed930,0x000000077e000000)
Event: 6.435 GC heap after
Heap after GC invocations=20 (full 3):
 PSYoungGen      total 360448K, used 6136K [0x00000007d5880000, 0x00000007fff00000, 0x0000000800000000)
  eden space 237568K, 0% used [0x00000007d5880000,0x00000007d5880000,0x00000007e4080000)
  from space 122880K, 4% used [0x00000007e4080000,0x00000007e467e168,0x00000007eb880000)
  to   space 196096K, 0% used [0x00000007f3f80000,0x00000007f3f80000,0x00000007fff00000)
 ParOldGen       total 390656K, used 200799K [0x0000000780a00000, 0x0000000798780000, 0x00000007d5880000)
  object space 390656K, 51% used [0x0000000780a00000,0x000000078ce17e58,0x0000000798780000)
 PSPermGen       total 39424K, used 18358K [0x000000077b800000, 0x000000077de80000, 0x0000000780a00000)
  object space 39424K, 46% used [0x000000077b800000,0x000000077c9ed8b0,0x000000077de80000)
}
Event: 7.364 GC heap before
{Heap before GC invocations=21 (full 3):
 PSYoungGen      total 360448K, used 243704K [0x00000007d5880000, 0x00000007fff00000, 0x0000000800000000)
  eden space 237568K, 100% used [0x00000007d5880000,0x00000007e4080000,0x00000007e4080000)
  from space 122880K, 4% used [0x00000007e4080000,0x00000007e467e168,0x00000007eb880000)
  to   space 196096K, 0% used [0x00000007f3f80000,0x00000007f3f80000,0x00000007fff00000)
 ParOldGen       total 390656K, used 200799K [0x0000000780a00000, 0x0000000798780000, 0x00000007d5880000)
  object space 390656K, 51% used [0x0000000780a00000,0x000000078ce17e58,0x0000000798780000)
 PSPermGen       total 39424K, used 18359K [0x000000077b800000, 0x000000077de80000, 0x0000000780a00000)
  object space 39424K, 46% used [0x000000077b800000,0x000000077c9edcd0,0x000000077de80000)
Event: 7.387 GC heap after
Heap after GC invocations=21 (full 3):
 PSYoungGen      total 458752K, used 31104K [0x00000007d5880000, 0x00000007fe480000, 0x0000000800000000)
  eden space 289792K, 0% used [0x00000007d5880000,0x00000007d5880000,0x00000007e7380000)
  from space 168960K, 18% used [0x00000007f3f80000,0x00000007f5de0060,0x00000007fe480000)
  to   space 188928K, 0% used [0x00000007e7380000,0x00000007e7380000,0x00000007f2c00000)
 ParOldGen       total 390656K, used 200799K [0x0000000780a00000, 0x0000000798780000, 0x00000007d5880000)
  object space 390656K, 51% used [0x0000000780a00000,0x000000078ce17e58,0x0000000798780000)
 PSPermGen       total 39424K, used 18359K [0x000000077b800000, 0x000000077de80000, 0x0000000780a00000)
  object space 39424K, 46% used [0x000000077b800000,0x000000077c9edcd0,0x000000077de80000)
}

