# JRE version: Java(TM) SE Runtime Environment (7.0_67-b01) (build 1.7.0_67-b01)
# Java VM: Java HotSpot(TM) 64-Bit Server VM (24.65-b04 mixed mode windows-amd64 compressed oops)
Heap
 PSYoungGen      total 387072K, used 213621K [0x00000007d5880000, 0x00000007fa380000, 0x0000000800000000)
  eden space 192512K, 87% used [0x00000007d5880000,0x00000007dfc25530,0x00000007e1480000)
  from space 194560K, 23% used [0x00000007e1480000,0x00000007e4178050,0x00000007ed280000)
  to   space 184832K, 0% used [0x00000007eef00000,0x00000007eef00000,0x00000007fa380000)
 ParOldGen       total 370176K, used 182363K [0x0000000780a00000, 0x0000000797380000, 0x00000007d5880000)
  object space 370176K, 49% used [0x0000000780a00000,0x000000078bc16c00,0x0000000797380000)
 PSPermGen       total 39424K, used 18543K [0x000000077b800000, 0x000000077de80000, 0x0000000780a00000)
  object space 39424K, 47% used [0x000000077b800000,0x000000077ca1bff0,0x000000077de80000)
GC Heap History (10 events):
Event: 3.634 GC heap before
{Heap before GC invocations=18 (full 2):
 PSYoungGen      total 237568K, used 236667K [0x00000007d5880000, 0x00000007ee900000, 0x0000000800000000)
  eden space 157184K, 100% used [0x00000007d5880000,0x00000007df200000,0x00000007df200000)
  from space 80384K, 98% used [0x00000007df200000,0x00000007e3f9ee60,0x00000007e4080000)
  to   space 94208K, 0% used [0x00000007e8d00000,0x00000007e8d00000,0x00000007ee900000)
 ParOldGen       total 180224K, used 36911K [0x0000000780a00000, 0x000000078ba00000, 0x00000007d5880000)
  object space 180224K, 20% used [0x0000000780a00000,0x0000000782e0bd80,0x000000078ba00000)
 PSPermGen       total 40960K, used 18291K [0x000000077b800000, 0x000000077e000000, 0x0000000780a00000)
  object space 40960K, 44% used [0x000000077b800000,0x000000077c9dcfc0,0x000000077e000000)
Event: 3.685 GC heap after
Heap after GC invocations=18 (full 2):
 PSYoungGen      total 302080K, used 86717K [0x00000007d5880000, 0x00000007f0500000, 0x0000000800000000)
  eden space 207872K, 0% used [0x00000007d5880000,0x00000007d5880000,0x00000007e2380000)
  from space 94208K, 92% used [0x00000007e8d00000,0x00000007ee1af568,0x00000007ee900000)
  to   space 108032K, 0% used [0x00000007e2380000,0x00000007e2380000,0x00000007e8d00000)
 ParOldGen       total 180224K, used 45429K [0x0000000780a00000, 0x000000078ba00000, 0x00000007d5880000)
  object space 180224K, 25% used [0x0000000780a00000,0x000000078365d678,0x000000078ba00000)
 PSPermGen       total 40960K, used 18291K [0x000000077b800000, 0x000000077e000000, 0x0000000780a00000)
  object space 40960K, 44% used [0x000000077b800000,0x000000077c9dcfc0,0x000000077e000000)
}
Event: 4.746 GC heap before
{Heap before GC invocations=19 (full 2):
 PSYoungGen      total 302080K, used 291382K [0x00000007d5880000, 0x00000007f0500000, 0x0000000800000000)
  eden space 207872K, 98% used [0x00000007d5880000,0x00000007e205e4c0,0x00000007e2380000)
  from space 94208K, 92% used [0x00000007e8d00000,0x00000007ee1af568,0x00000007ee900000)
  to   space 108032K, 0% used [0x00000007e2380000,0x00000007e2380000,0x00000007e8d00000)
 ParOldGen       total 180224K, used 45429K [0x0000000780a00000, 0x000000078ba00000, 0x00000007d5880000)
  object space 180224K, 25% used [0x0000000780a00000,0x000000078365d678,0x000000078ba00000)
 PSPermGen       total 40960K, used 18345K [0x000000077b800000, 0x000000077e000000, 0x0000000780a00000)
  object space 40960K, 44% used [0x000000077b800000,0x000000077c9ea4a8,0x000000077e000000)
Event: 4.802 GC heap after
Heap after GC invocations=19 (full 2):
 PSYoungGen      total 315904K, used 105533K [0x00000007d5880000, 0x00000007f4d00000, 0x0000000800000000)
  eden space 207872K, 0% used [0x00000007d5880000,0x00000007d5880000,0x00000007e2380000)
  from space 108032K, 97% used [0x00000007e2380000,0x00000007e8a8f588,0x00000007e8d00000)
  to   space 125440K, 0% used [0x00000007ed280000,0x00000007ed280000,0x00000007f4d00000)
 ParOldGen       total 180224K, used 54045K [0x0000000780a00000, 0x000000078ba00000, 0x00000007d5880000)
  object space 180224K, 29% used [0x0000000780a00000,0x0000000783ec7678,0x000000078ba00000)
 PSPermGen       total 40960K, used 18345K [0x000000077b800000, 0x000000077e000000, 0x0000000780a00000)
  object space 40960K, 44% used [0x000000077b800000,0x000000077c9ea4a8,0x000000077e000000)
}
Event: 5.908 GC heap before
{Heap before GC invocations=20 (full 2):
 PSYoungGen      total 315904K, used 313405K [0x00000007d5880000, 0x00000007f4d00000, 0x0000000800000000)
  eden space 207872K, 100% used [0x00000007d5880000,0x00000007e2380000,0x00000007e2380000)
  from space 108032K, 97% used [0x00000007e2380000,0x00000007e8a8f588,0x00000007e8d00000)
  to   space 125440K, 0% used [0x00000007ed280000,0x00000007ed280000,0x00000007f4d00000)
 ParOldGen       total 180224K, used 54045K [0x0000000780a00000, 0x000000078ba00000, 0x00000007d5880000)
  object space 180224K, 29% used [0x0000000780a00000,0x0000000783ec7678,0x000000078ba00000)
 PSPermGen       total 40960K, used 18358K [0x000000077b800000, 0x000000077e000000, 0x0000000780a00000)
  object space 40960K, 44% used [0x000000077b800000,0x000000077c9ed920,0x000000077e000000)
Event: 6.005 GC heap after
Heap after GC invocations=20 (full 2):
 PSYoungGen      total 317952K, used 125437K [0x00000007d5880000, 0x00000007fd100000, 0x0000000800000000)
  eden space 192512K, 0% used [0x00000007d5880000,0x00000007d5880000,0x00000007e1480000)
  from space 125440K, 99% used [0x00000007ed280000,0x00000007f4cff5c8,0x00000007f4d00000)
  to   space 194560K, 0% used [0x00000007e1480000,0x00000007e1480000,0x00000007ed280000)
 ParOldGen       total 183296K, used 181661K [0x0000000780a00000, 0x000000078bd00000, 0x00000007d5880000)
  object space 183296K, 99% used [0x0000000780a00000,0x000000078bb676a8,0x000000078bd00000)
 PSPermGen       total 40960K, used 18358K [0x000000077b800000, 0x000000077e000000, 0x0000000780a00000)
  object space 40960K, 44% used [0x000000077b800000,0x000000077c9ed920,0x000000077e000000)
}
Event: 6.005 GC heap before
{Heap before GC invocations=21 (full 3):
 PSYoungGen      total 317952K, used 125437K [0x00000007d5880000, 0x00000007fd100000, 0x0000000800000000)
  eden space 192512K, 0% used [0x00000007d5880000,0x00000007d5880000,0x00000007e1480000)
  from space 125440K, 99% used [0x00000007ed280000,0x00000007f4cff5c8,0x00000007f4d00000)
  to   space 194560K, 0% used [0x00000007e1480000,0x00000007e1480000,0x00000007ed280000)
 ParOldGen       total 183296K, used 181661K [0x0000000780a00000, 0x000000078bd00000, 0x00000007d5880000)
  object space 183296K, 99% used [0x0000000780a00000,0x000000078bb676a8,0x000000078bd00000)
 PSPermGen       total 40960K, used 18358K [0x000000077b800000, 0x000000077e000000, 0x0000000780a00000)
  object space 40960K, 44% used [0x000000077b800000,0x000000077c9ed920,0x000000077e000000)
Event: 6.840 GC heap after
Heap after GC invocations=21 (full 3):
 PSYoungGen      total 317952K, used 24566K [0x00000007d5880000, 0x00000007fd100000, 0x0000000800000000)
  eden space 192512K, 0% used [0x00000007d5880000,0x00000007d5880000,0x00000007e1480000)
  from space 125440K, 19% used [0x00000007ed280000,0x00000007eea7da58,0x00000007f4d00000)
  to   space 194560K, 0% used [0x00000007e1480000,0x00000007e1480000,0x00000007ed280000)
 ParOldGen       total 370176K, used 182363K [0x0000000780a00000, 0x0000000797380000, 0x00000007d5880000)
  object space 370176K, 49% used [0x0000000780a00000,0x000000078bc16c00,0x0000000797380000)
 PSPermGen       total 39424K, used 18358K [0x000000077b800000, 0x000000077de80000, 0x0000000780a00000)
  object space 39424K, 46% used [0x000000077b800000,0x000000077c9ed8a0,0x000000077de80000)
}
Event: 7.783 GC heap before
{Heap before GC invocations=22 (full 3):
 PSYoungGen      total 317952K, used 217078K [0x00000007d5880000, 0x00000007fd100000, 0x0000000800000000)
  eden space 192512K, 100% used [0x00000007d5880000,0x00000007e1480000,0x00000007e1480000)
  from space 125440K, 19% used [0x00000007ed280000,0x00000007eea7da58,0x00000007f4d00000)
  to   space 194560K, 0% used [0x00000007e1480000,0x00000007e1480000,0x00000007ed280000)
 ParOldGen       total 370176K, used 182363K [0x0000000780a00000, 0x0000000797380000, 0x00000007d5880000)
  object space 370176K, 49% used [0x0000000780a00000,0x000000078bc16c00,0x0000000797380000)
 PSPermGen       total 39424K, used 18360K [0x000000077b800000, 0x000000077de80000, 0x0000000780a00000)
  object space 39424K, 46% used [0x000000077b800000,0x000000077c9ee088,0x000000077de80000)
Event: 7.805 GC heap after
Heap after GC invocations=22 (full 3):
 PSYoungGen      total 387072K, used 46048K [0x00000007d5880000, 0x00000007fa380000, 0x0000000800000000)
  eden space 192512K, 0% used [0x00000007d5880000,0x00000007d5880000,0x00000007e1480000)
  from space 194560K, 23% used [0x00000007e1480000,0x00000007e4178050,0x00000007ed280000)
  to   space 184832K, 0% used [0x00000007eef00000,0x00000007eef00000,0x00000007fa380000)
 ParOldGen       total 370176K, used 182363K [0x0000000780a00000, 0x0000000797380000, 0x00000007d5880000)
  object space 370176K, 49% used [0x0000000780a00000,0x000000078bc16c00,0x0000000797380000)
 PSPermGen       total 39424K, used 18360K [0x000000077b800000, 0x000000077de80000, 0x0000000780a00000)
  object space 39424K, 46% used [0x000000077b800000,0x000000077c9ee088,0x000000077de80000)
}

