# JRE version: Java(TM) SE Runtime Environment (7.0_67-b01) (build 1.7.0_67-b01)
# Java VM: Java HotSpot(TM) 64-Bit Server VM (24.65-b04 mixed mode windows-amd64 compressed oops)
Heap
 PSYoungGen      total 38400K, used 8464K [0x00000007d5880000, 0x00000007da380000, 0x0000000800000000)
  eden space 33280K, 10% used [0x00000007d5880000,0x00000007d5bcf110,0x00000007d7900000)
  from space 5120K, 99% used [0x00000007d7900000,0x00000007d7df5058,0x00000007d7e00000)
  to   space 5120K, 0% used [0x00000007d9e80000,0x00000007d9e80000,0x00000007da380000)
 ParOldGen       total 86528K, used 42875K [0x0000000780a00000, 0x0000000785e80000, 0x00000007d5880000)
  object space 86528K, 49% used [0x0000000780a00000,0x00000007833dee30,0x0000000785e80000)
 PSPermGen       total 21504K, used 17832K [0x000000077b800000, 0x000000077cd00000, 0x0000000780a00000)
  object space 21504K, 82% used [0x000000077b800000,0x000000077c96a0e0,0x000000077cd00000)
GC Heap History (6 events):
Event: 1.857 GC heap before
{Heap before GC invocations=1 (full 0):
 PSYoungGen      total 38400K, used 33280K [0x00000007d5880000, 0x00000007d8300000, 0x0000000800000000)
  eden space 33280K, 100% used [0x00000007d5880000,0x00000007d7900000,0x00000007d7900000)
  from space 5120K, 0% used [0x00000007d7e00000,0x00000007d7e00000,0x00000007d8300000)
  to   space 5120K, 0% used [0x00000007d7900000,0x00000007d7900000,0x00000007d7e00000)
 ParOldGen       total 86528K, used 0K [0x0000000780a00000, 0x0000000785e80000, 0x00000007d5880000)
  object space 86528K, 0% used [0x0000000780a00000,0x0000000780a00000,0x0000000785e80000)
 PSPermGen       total 21504K, used 17420K [0x000000077b800000, 0x000000077cd00000, 0x0000000780a00000)
  object space 21504K, 81% used [0x000000077b800000,0x000000077c903358,0x000000077cd00000)
Event: 1.864 GC heap after
Heap after GC invocations=1 (full 0):
 PSYoungGen      total 38400K, used 4487K [0x00000007d5880000, 0x00000007d8300000, 0x0000000800000000)
  eden space 33280K, 0% used [0x00000007d5880000,0x00000007d5880000,0x00000007d7900000)
  from space 5120K, 87% used [0x00000007d7900000,0x00000007d7d61fd0,0x00000007d7e00000)
  to   space 5120K, 0% used [0x00000007d7e00000,0x00000007d7e00000,0x00000007d8300000)
 ParOldGen       total 86528K, used 12296K [0x0000000780a00000, 0x0000000785e80000, 0x00000007d5880000)
  object space 86528K, 14% used [0x0000000780a00000,0x0000000781602030,0x0000000785e80000)
 PSPermGen       total 21504K, used 17420K [0x000000077b800000, 0x000000077cd00000, 0x0000000780a00000)
  object space 21504K, 81% used [0x000000077b800000,0x000000077c903358,0x000000077cd00000)
}
Event: 2.098 GC heap before
{Heap before GC invocations=2 (full 0):
 PSYoungGen      total 38400K, used 37767K [0x00000007d5880000, 0x00000007d8300000, 0x0000000800000000)
  eden space 33280K, 100% used [0x00000007d5880000,0x00000007d7900000,0x00000007d7900000)
  from space 5120K, 87% used [0x00000007d7900000,0x00000007d7d61fd0,0x00000007d7e00000)
  to   space 5120K, 0% used [0x00000007d7e00000,0x00000007d7e00000,0x00000007d8300000)
 ParOldGen       total 86528K, used 12296K [0x0000000780a00000, 0x0000000785e80000, 0x00000007d5880000)
  object space 86528K, 14% used [0x0000000780a00000,0x0000000781602030,0x0000000785e80000)
 PSPermGen       total 21504K, used 17594K [0x000000077b800000, 0x000000077cd00000, 0x0000000780a00000)
  object space 21504K, 81% used [0x000000077b800000,0x000000077c92ebc0,0x000000077cd00000)
Event: 2.108 GC heap after
Heap after GC invocations=2 (full 0):
 PSYoungGen      total 38400K, used 5104K [0x00000007d5880000, 0x00000007da380000, 0x0000000800000000)
  eden space 33280K, 0% used [0x00000007d5880000,0x00000007d5880000,0x00000007d7900000)
  from space 5120K, 99% used [0x00000007d7e00000,0x00000007d82fc020,0x00000007d8300000)
  to   space 5120K, 0% used [0x00000007d7900000,0x00000007d7900000,0x00000007d7e00000)
 ParOldGen       total 86528K, used 38779K [0x0000000780a00000, 0x0000000785e80000, 0x00000007d5880000)
  object space 86528K, 44% used [0x0000000780a00000,0x0000000782fdee20,0x0000000785e80000)
 PSPermGen       total 21504K, used 17594K [0x000000077b800000, 0x000000077cd00000, 0x0000000780a00000)
  object space 21504K, 81% used [0x000000077b800000,0x000000077c92ebc0,0x000000077cd00000)
}
Event: 2.288 GC heap before
{Heap before GC invocations=3 (full 0):
 PSYoungGen      total 38400K, used 37127K [0x00000007d5880000, 0x00000007da380000, 0x0000000800000000)
  eden space 33280K, 96% used [0x00000007d5880000,0x00000007d77c5dc0,0x00000007d7900000)
  from space 5120K, 99% used [0x00000007d7e00000,0x00000007d82fc020,0x00000007d8300000)
  to   space 5120K, 0% used [0x00000007d7900000,0x00000007d7900000,0x00000007d7e00000)
 ParOldGen       total 86528K, used 38779K [0x0000000780a00000, 0x0000000785e80000, 0x00000007d5880000)
  object space 86528K, 44% used [0x0000000780a00000,0x0000000782fdee20,0x0000000785e80000)
 PSPermGen       total 21504K, used 17819K [0x000000077b800000, 0x000000077cd00000, 0x0000000780a00000)
  object space 21504K, 82% used [0x000000077b800000,0x000000077c966e70,0x000000077cd00000)
Event: 2.291 GC heap after
Heap after GC invocations=3 (full 0):
 PSYoungGen      total 38400K, used 5076K [0x00000007d5880000, 0x00000007da380000, 0x0000000800000000)
  eden space 33280K, 0% used [0x00000007d5880000,0x00000007d5880000,0x00000007d7900000)
  from space 5120K, 99% used [0x00000007d7900000,0x00000007d7df5058,0x00000007d7e00000)
  to   space 5120K, 0% used [0x00000007d9e80000,0x00000007d9e80000,0x00000007da380000)
 ParOldGen       total 86528K, used 42875K [0x0000000780a00000, 0x0000000785e80000, 0x00000007d5880000)
  object space 86528K, 49% used [0x0000000780a00000,0x00000007833dee30,0x0000000785e80000)
 PSPermGen       total 21504K, used 17819K [0x000000077b800000, 0x000000077cd00000, 0x0000000780a00000)
  object space 21504K, 82% used [0x000000077b800000,0x000000077c966e70,0x000000077cd00000)
}

