# JRE version: Java(TM) SE Runtime Environment (7.0_67-b01) (build 1.7.0_67-b01)
# Java VM: Java HotSpot(TM) 64-Bit Server VM (24.65-b04 mixed mode windows-amd64 compressed oops)
Heap
 PSYoungGen      total 393216K, used 106224K [0x00000007d5880000, 0x00000007f3980000, 0x0000000800000000)
  eden space 324608K, 30% used [0x00000007d5880000,0x00000007db984308,0x00000007e9580000)
  from space 68608K, 10% used [0x00000007ef680000,0x00000007efd38060,0x00000007f3980000)
  to   space 83968K, 0% used [0x00000007e9580000,0x00000007e9580000,0x00000007ee780000)
 ParOldGen       total 401408K, used 207102K [0x0000000780a00000, 0x0000000799200000, 0x00000007d5880000)
  object space 401408K, 51% used [0x0000000780a00000,0x000000078d43f9b8,0x0000000799200000)
 PSPermGen       total 39424K, used 18574K [0x000000077b800000, 0x000000077de80000, 0x0000000780a00000)
  object space 39424K, 47% used [0x000000077b800000,0x000000077ca23860,0x000000077de80000)
GC Heap History (10 events):
Event: 3.777 GC heap before
{Heap before GC invocations=17 (full 2):
 PSYoungGen      total 243712K, used 243708K [0x00000007d5880000, 0x00000007e9700000, 0x0000000800000000)
  eden space 195584K, 100% used [0x00000007d5880000,0x00000007e1780000,0x00000007e1780000)
  from space 48128K, 99% used [0x00000007e5100000,0x00000007e7fff1f0,0x00000007e8000000)
  to   space 58880K, 0% used [0x00000007e1780000,0x00000007e1780000,0x00000007e5100000)
 ParOldGen       total 174592K, used 62951K [0x0000000780a00000, 0x000000078b480000, 0x00000007d5880000)
  object space 174592K, 36% used [0x0000000780a00000,0x0000000784779c00,0x000000078b480000)
 PSPermGen       total 40960K, used 18319K [0x000000077b800000, 0x000000077e000000, 0x0000000780a00000)
  object space 40960K, 44% used [0x000000077b800000,0x000000077c9e3fd0,0x000000077e000000)
Event: 3.821 GC heap after
Heap after GC invocations=17 (full 2):
 PSYoungGen      total 254464K, used 51069K [0x00000007d5880000, 0x00000007eea00000, 0x0000000800000000)
  eden space 195584K, 0% used [0x00000007d5880000,0x00000007d5880000,0x00000007e1780000)
  from space 58880K, 86% used [0x00000007e1780000,0x00000007e495f568,0x00000007e5100000)
  to   space 66048K, 0% used [0x00000007ea980000,0x00000007ea980000,0x00000007eea00000)
 ParOldGen       total 174592K, used 78079K [0x0000000780a00000, 0x000000078b480000, 0x00000007d5880000)
  object space 174592K, 44% used [0x0000000780a00000,0x000000078563fc00,0x000000078b480000)
 PSPermGen       total 40960K, used 18319K [0x000000077b800000, 0x000000077e000000, 0x0000000780a00000)
  object space 40960K, 44% used [0x000000077b800000,0x000000077c9e3fd0,0x000000077e000000)
}
Event: 4.603 GC heap before
{Heap before GC invocations=18 (full 2):
 PSYoungGen      total 254464K, used 246653K [0x00000007d5880000, 0x00000007eea00000, 0x0000000800000000)
  eden space 195584K, 100% used [0x00000007d5880000,0x00000007e1780000,0x00000007e1780000)
  from space 58880K, 86% used [0x00000007e1780000,0x00000007e495f568,0x00000007e5100000)
  to   space 66048K, 0% used [0x00000007ea980000,0x00000007ea980000,0x00000007eea00000)
 ParOldGen       total 174592K, used 78079K [0x0000000780a00000, 0x000000078b480000, 0x00000007d5880000)
  object space 174592K, 44% used [0x0000000780a00000,0x000000078563fc00,0x000000078b480000)
 PSPermGen       total 40960K, used 18334K [0x000000077b800000, 0x000000077e000000, 0x0000000780a00000)
  object space 40960K, 44% used [0x000000077b800000,0x000000077c9e7860,0x000000077e000000)
Event: 4.674 GC heap after
Heap after GC invocations=18 (full 2):
 PSYoungGen      total 335360K, used 62109K [0x00000007d5880000, 0x00000007ef900000, 0x0000000800000000)
  eden space 269312K, 0% used [0x00000007d5880000,0x00000007d5880000,0x00000007e5f80000)
  from space 66048K, 94% used [0x00000007ea980000,0x00000007ee627598,0x00000007eea00000)
  to   space 75776K, 0% used [0x00000007e5f80000,0x00000007e5f80000,0x00000007ea980000)
 ParOldGen       total 174592K, used 107047K [0x0000000780a00000, 0x000000078b480000, 0x00000007d5880000)
  object space 174592K, 61% used [0x0000000780a00000,0x0000000787289c00,0x000000078b480000)
 PSPermGen       total 40960K, used 18334K [0x000000077b800000, 0x000000077e000000, 0x0000000780a00000)
  object space 40960K, 44% used [0x000000077b800000,0x000000077c9e7860,0x000000077e000000)
}
Event: 6.230 GC heap before
{Heap before GC invocations=19 (full 2):
 PSYoungGen      total 335360K, used 331421K [0x00000007d5880000, 0x00000007ef900000, 0x0000000800000000)
  eden space 269312K, 100% used [0x00000007d5880000,0x00000007e5f80000,0x00000007e5f80000)
  from space 66048K, 94% used [0x00000007ea980000,0x00000007ee627598,0x00000007eea00000)
  to   space 75776K, 0% used [0x00000007e5f80000,0x00000007e5f80000,0x00000007ea980000)
 ParOldGen       total 174592K, used 107047K [0x0000000780a00000, 0x000000078b480000, 0x00000007d5880000)
  object space 174592K, 61% used [0x0000000780a00000,0x0000000787289c00,0x000000078b480000)
 PSPermGen       total 40960K, used 18351K [0x000000077b800000, 0x000000077e000000, 0x0000000780a00000)
  object space 40960K, 44% used [0x000000077b800000,0x000000077c9ebf68,0x000000077e000000)
Event: 6.354 GC heap after
Heap after GC invocations=19 (full 2):
 PSYoungGen      total 345088K, used 65984K [0x00000007d5880000, 0x00000007f4a00000, 0x0000000800000000)
  eden space 269312K, 0% used [0x00000007d5880000,0x00000007d5880000,0x00000007e5f80000)
  from space 75776K, 87% used [0x00000007e5f80000,0x00000007e9ff0040,0x00000007ea980000)
  to   space 85504K, 0% used [0x00000007ef680000,0x00000007ef680000,0x00000007f4a00000)
 ParOldGen       total 258560K, used 258156K [0x0000000780a00000, 0x0000000790680000, 0x00000007d5880000)
  object space 258560K, 99% used [0x0000000780a00000,0x000000079061b1d8,0x0000000790680000)
 PSPermGen       total 40960K, used 18351K [0x000000077b800000, 0x000000077e000000, 0x0000000780a00000)
  object space 40960K, 44% used [0x000000077b800000,0x000000077c9ebf68,0x000000077e000000)
}
Event: 6.354 GC heap before
{Heap before GC invocations=20 (full 3):
 PSYoungGen      total 345088K, used 65984K [0x00000007d5880000, 0x00000007f4a00000, 0x0000000800000000)
  eden space 269312K, 0% used [0x00000007d5880000,0x00000007d5880000,0x00000007e5f80000)
  from space 75776K, 87% used [0x00000007e5f80000,0x00000007e9ff0040,0x00000007ea980000)
  to   space 85504K, 0% used [0x00000007ef680000,0x00000007ef680000,0x00000007f4a00000)
 ParOldGen       total 258560K, used 258156K [0x0000000780a00000, 0x0000000790680000, 0x00000007d5880000)
  object space 258560K, 99% used [0x0000000780a00000,0x000000079061b1d8,0x0000000790680000)
 PSPermGen       total 40960K, used 18351K [0x000000077b800000, 0x000000077e000000, 0x0000000780a00000)
  object space 40960K, 44% used [0x000000077b800000,0x000000077c9ebf68,0x000000077e000000)
Event: 7.125 GC heap after
Heap after GC invocations=20 (full 3):
 PSYoungGen      total 345088K, used 0K [0x00000007d5880000, 0x00000007f4a00000, 0x0000000800000000)
  eden space 269312K, 0% used [0x00000007d5880000,0x00000007d5880000,0x00000007e5f80000)
  from space 75776K, 0% used [0x00000007e5f80000,0x00000007e5f80000,0x00000007ea980000)
  to   space 85504K, 0% used [0x00000007ef680000,0x00000007ef680000,0x00000007f4a00000)
 ParOldGen       total 401408K, used 207102K [0x0000000780a00000, 0x0000000799200000, 0x00000007d5880000)
  object space 401408K, 51% used [0x0000000780a00000,0x000000078d43f9b8,0x0000000799200000)
 PSPermGen       total 39424K, used 18351K [0x000000077b800000, 0x000000077de80000, 0x0000000780a00000)
  object space 39424K, 46% used [0x000000077b800000,0x000000077c9ebf48,0x000000077de80000)
}
Event: 8.363 GC heap before
{Heap before GC invocations=21 (full 3):
 PSYoungGen      total 345088K, used 269312K [0x00000007d5880000, 0x00000007f4a00000, 0x0000000800000000)
  eden space 269312K, 100% used [0x00000007d5880000,0x00000007e5f80000,0x00000007e5f80000)
  from space 75776K, 0% used [0x00000007e5f80000,0x00000007e5f80000,0x00000007ea980000)
  to   space 85504K, 0% used [0x00000007ef680000,0x00000007ef680000,0x00000007f4a00000)
 ParOldGen       total 401408K, used 207102K [0x0000000780a00000, 0x0000000799200000, 0x00000007d5880000)
  object space 401408K, 51% used [0x0000000780a00000,0x000000078d43f9b8,0x0000000799200000)
 PSPermGen       total 39424K, used 18356K [0x000000077b800000, 0x000000077de80000, 0x0000000780a00000)
  object space 39424K, 46% used [0x000000077b800000,0x000000077c9ed350,0x000000077de80000)
Event: 8.368 GC heap after
Heap after GC invocations=21 (full 3):
 PSYoungGen      total 393216K, used 6880K [0x00000007d5880000, 0x00000007f3980000, 0x0000000800000000)
  eden space 324608K, 0% used [0x00000007d5880000,0x00000007d5880000,0x00000007e9580000)
  from space 68608K, 10% used [0x00000007ef680000,0x00000007efd38060,0x00000007f3980000)
  to   space 83968K, 0% used [0x00000007e9580000,0x00000007e9580000,0x00000007ee780000)
 ParOldGen       total 401408K, used 207102K [0x0000000780a00000, 0x0000000799200000, 0x00000007d5880000)
  object space 401408K, 51% used [0x0000000780a00000,0x000000078d43f9b8,0x0000000799200000)
 PSPermGen       total 39424K, used 18356K [0x000000077b800000, 0x000000077de80000, 0x0000000780a00000)
  object space 39424K, 46% used [0x000000077b800000,0x000000077c9ed350,0x000000077de80000)
}

