# JRE version: Java(TM) SE Runtime Environment (7.0_67-b01) (build 1.7.0_67-b01)
# Java VM: Java HotSpot(TM) 64-Bit Server VM (24.65-b04 mixed mode windows-amd64 compressed oops)
Heap
 PSYoungGen      total 408576K, used 105626K [0x00000007d5880000, 0x00000007f5580000, 0x0000000800000000)
  eden space 370688K, 28% used [0x00000007d5880000,0x00000007dbfa6a78,0x00000007ec280000)
  from space 37888K, 0% used [0x00000007f0280000,0x00000007f0280000,0x00000007f2780000)
  to   space 65536K, 0% used [0x00000007ec280000,0x00000007ec280000,0x00000007f0280000)
 ParOldGen       total 289280K, used 159084K [0x0000000780a00000, 0x0000000792480000, 0x00000007d5880000)
  object space 289280K, 54% used [0x0000000780a00000,0x000000078a55b3e8,0x0000000792480000)
 PSPermGen       total 41472K, used 18626K [0x000000077b800000, 0x000000077e080000, 0x0000000780a00000)
  object space 41472K, 44% used [0x000000077b800000,0x000000077ca309d8,0x000000077e080000)
GC Heap History (10 events):
Event: 3.849 GC heap before
{Heap before GC invocations=12 (full 0):
 PSYoungGen      total 225280K, used 225278K [0x00000007d5880000, 0x00000007ed200000, 0x0000000800000000)
  eden space 203776K, 100% used [0x00000007d5880000,0x00000007e1f80000,0x00000007e1f80000)
  from space 21504K, 99% used [0x00000007e1f80000,0x00000007e347f8f8,0x00000007e3480000)
  to   space 30208K, 0% used [0x00000007eb480000,0x00000007eb480000,0x00000007ed200000)
 ParOldGen       total 86528K, used 66887K [0x0000000780a00000, 0x0000000785e80000, 0x00000007d5880000)
  object space 86528K, 77% used [0x0000000780a00000,0x0000000784b51e60,0x0000000785e80000)
 PSPermGen       total 21504K, used 18311K [0x000000077b800000, 0x000000077cd00000, 0x0000000780a00000)
  object space 21504K, 85% used [0x000000077b800000,0x000000077c9e1df8,0x000000077cd00000)
Event: 3.873 GC heap after
Heap after GC invocations=12 (full 0):
 PSYoungGen      total 355328K, used 20416K [0x00000007d5880000, 0x00000007ed400000, 0x0000000800000000)
  eden space 325120K, 0% used [0x00000007d5880000,0x00000007d5880000,0x00000007e9600000)
  from space 30208K, 67% used [0x00000007eb480000,0x00000007ec870000,0x00000007ed200000)
  to   space 31232K, 0% used [0x00000007e9600000,0x00000007e9600000,0x00000007eb480000)
 ParOldGen       total 89088K, used 88437K [0x0000000780a00000, 0x0000000786100000, 0x00000007d5880000)
  object space 89088K, 99% used [0x0000000780a00000,0x000000078605d758,0x0000000786100000)
 PSPermGen       total 21504K, used 18311K [0x000000077b800000, 0x000000077cd00000, 0x0000000780a00000)
  object space 21504K, 85% used [0x000000077b800000,0x000000077c9e1df8,0x000000077cd00000)
}
Event: 3.873 GC heap before
{Heap before GC invocations=13 (full 1):
 PSYoungGen      total 355328K, used 20416K [0x00000007d5880000, 0x00000007ed400000, 0x0000000800000000)
  eden space 325120K, 0% used [0x00000007d5880000,0x00000007d5880000,0x00000007e9600000)
  from space 30208K, 67% used [0x00000007eb480000,0x00000007ec870000,0x00000007ed200000)
  to   space 31232K, 0% used [0x00000007e9600000,0x00000007e9600000,0x00000007eb480000)
 ParOldGen       total 89088K, used 88437K [0x0000000780a00000, 0x0000000786100000, 0x00000007d5880000)
  object space 89088K, 99% used [0x0000000780a00000,0x000000078605d758,0x0000000786100000)
 PSPermGen       total 21504K, used 18311K [0x000000077b800000, 0x000000077cd00000, 0x0000000780a00000)
  object space 21504K, 85% used [0x000000077b800000,0x000000077c9e1df8,0x000000077cd00000)
Event: 4.429 GC heap after
Heap after GC invocations=13 (full 1):
 PSYoungGen      total 355328K, used 821K [0x00000007d5880000, 0x00000007ed400000, 0x0000000800000000)
  eden space 325120K, 0% used [0x00000007d5880000,0x00000007d5880000,0x00000007e9600000)
  from space 30208K, 2% used [0x00000007eb480000,0x00000007eb54d620,0x00000007ed200000)
  to   space 31232K, 0% used [0x00000007e9600000,0x00000007e9600000,0x00000007eb480000)
 ParOldGen       total 163328K, used 88858K [0x0000000780a00000, 0x000000078a980000, 0x00000007d5880000)
  object space 163328K, 54% used [0x0000000780a00000,0x00000007860c6860,0x000000078a980000)
 PSPermGen       total 36864K, used 18305K [0x000000077b800000, 0x000000077dc00000, 0x0000000780a00000)
  object space 36864K, 49% used [0x000000077b800000,0x000000077c9e0780,0x000000077dc00000)
}
Event: 4.695 GC heap before
{Heap before GC invocations=14 (full 1):
 PSYoungGen      total 355328K, used 325941K [0x00000007d5880000, 0x00000007ed400000, 0x0000000800000000)
  eden space 325120K, 100% used [0x00000007d5880000,0x00000007e9600000,0x00000007e9600000)
  from space 30208K, 2% used [0x00000007eb480000,0x00000007eb54d620,0x00000007ed200000)
  to   space 31232K, 0% used [0x00000007e9600000,0x00000007e9600000,0x00000007eb480000)
 ParOldGen       total 163328K, used 88858K [0x0000000780a00000, 0x000000078a980000, 0x00000007d5880000)
  object space 163328K, 54% used [0x0000000780a00000,0x00000007860c6860,0x000000078a980000)
 PSPermGen       total 36864K, used 18305K [0x000000077b800000, 0x000000077dc00000, 0x0000000780a00000)
  object space 36864K, 49% used [0x000000077b800000,0x000000077c9e0780,0x000000077dc00000)
Event: 4.724 GC heap after
Heap after GC invocations=14 (full 1):
 PSYoungGen      total 356352K, used 31229K [0x00000007d5880000, 0x00000007f2780000, 0x0000000800000000)
  eden space 325120K, 0% used [0x00000007d5880000,0x00000007d5880000,0x00000007e9600000)
  from space 31232K, 99% used [0x00000007e9600000,0x00000007eb47f568,0x00000007eb480000)
  to   space 37888K, 0% used [0x00000007f0280000,0x00000007f0280000,0x00000007f2780000)
 ParOldGen       total 163328K, used 93650K [0x0000000780a00000, 0x000000078a980000, 0x00000007d5880000)
  object space 163328K, 57% used [0x0000000780a00000,0x0000000786574860,0x000000078a980000)
 PSPermGen       total 36864K, used 18305K [0x000000077b800000, 0x000000077dc00000, 0x0000000780a00000)
  object space 36864K, 49% used [0x000000077b800000,0x000000077c9e0780,0x000000077dc00000)
}
Event: 6.715 GC heap before
{Heap before GC invocations=15 (full 1):
 PSYoungGen      total 356352K, used 356349K [0x00000007d5880000, 0x00000007f2780000, 0x0000000800000000)
  eden space 325120K, 100% used [0x00000007d5880000,0x00000007e9600000,0x00000007e9600000)
  from space 31232K, 99% used [0x00000007e9600000,0x00000007eb47f568,0x00000007eb480000)
  to   space 37888K, 0% used [0x00000007f0280000,0x00000007f0280000,0x00000007f2780000)
 ParOldGen       total 163328K, used 93650K [0x0000000780a00000, 0x000000078a980000, 0x00000007d5880000)
  object space 163328K, 57% used [0x0000000780a00000,0x0000000786574860,0x000000078a980000)
 PSPermGen       total 36864K, used 18477K [0x000000077b800000, 0x000000077dc00000, 0x0000000780a00000)
  object space 36864K, 50% used [0x000000077b800000,0x000000077ca0b5f0,0x000000077dc00000)
Event: 6.765 GC heap after
Heap after GC invocations=15 (full 1):
 PSYoungGen      total 408576K, used 37856K [0x00000007d5880000, 0x00000007f5580000, 0x0000000800000000)
  eden space 370688K, 0% used [0x00000007d5880000,0x00000007d5880000,0x00000007ec280000)
  from space 37888K, 99% used [0x00000007f0280000,0x00000007f2778050,0x00000007f2780000)
  to   space 65536K, 0% used [0x00000007ec280000,0x00000007ec280000,0x00000007f0280000)
 ParOldGen       total 163328K, used 152263K [0x0000000780a00000, 0x000000078a980000, 0x00000007d5880000)
  object space 163328K, 93% used [0x0000000780a00000,0x0000000789eb1e28,0x000000078a980000)
 PSPermGen       total 36864K, used 18477K [0x000000077b800000, 0x000000077dc00000, 0x0000000780a00000)
  object space 36864K, 50% used [0x000000077b800000,0x000000077ca0b5f0,0x000000077dc00000)
}
Event: 6.765 GC heap before
{Heap before GC invocations=16 (full 2):
 PSYoungGen      total 408576K, used 37856K [0x00000007d5880000, 0x00000007f5580000, 0x0000000800000000)
  eden space 370688K, 0% used [0x00000007d5880000,0x00000007d5880000,0x00000007ec280000)
  from space 37888K, 99% used [0x00000007f0280000,0x00000007f2778050,0x00000007f2780000)
  to   space 65536K, 0% used [0x00000007ec280000,0x00000007ec280000,0x00000007f0280000)
 ParOldGen       total 163328K, used 152263K [0x0000000780a00000, 0x000000078a980000, 0x00000007d5880000)
  object space 163328K, 93% used [0x0000000780a00000,0x0000000789eb1e28,0x000000078a980000)
 PSPermGen       total 36864K, used 18477K [0x000000077b800000, 0x000000077dc00000, 0x0000000780a00000)
  object space 36864K, 50% used [0x000000077b800000,0x000000077ca0b5f0,0x000000077dc00000)
Event: 7.327 GC heap after
Heap after GC invocations=16 (full 2):
 PSYoungGen      total 408576K, used 0K [0x00000007d5880000, 0x00000007f5580000, 0x0000000800000000)
  eden space 370688K, 0% used [0x00000007d5880000,0x00000007d5880000,0x00000007ec280000)
  from space 37888K, 0% used [0x00000007f0280000,0x00000007f0280000,0x00000007f2780000)
  to   space 65536K, 0% used [0x00000007ec280000,0x00000007ec280000,0x00000007f0280000)
 ParOldGen       total 289280K, used 159084K [0x0000000780a00000, 0x0000000792480000, 0x00000007d5880000)
  object space 289280K, 54% used [0x0000000780a00000,0x000000078a55b3e8,0x0000000792480000)
 PSPermGen       total 41472K, used 18477K [0x000000077b800000, 0x000000077e080000, 0x0000000780a00000)
  object space 41472K, 44% used [0x000000077b800000,0x000000077ca0b5d0,0x000000077e080000)
}

