# JRE version: Java(TM) SE Runtime Environment (7.0_67-b01) (build 1.7.0_67-b01)
# Java VM: Java HotSpot(TM) 64-Bit Server VM (24.65-b04 mixed mode windows-amd64 compressed oops)
Heap
 PSYoungGen      total 344064K, used 180510K [0x00000007d5880000, 0x00000007f2680000, 0x0000000800000000)
  eden space 246784K, 67% used [0x00000007d5880000,0x00000007dfbffb70,0x00000007e4980000)
  from space 97280K, 13% used [0x00000007e4980000,0x00000007e5648030,0x00000007ea880000)
  to   space 94720K, 0% used [0x00000007eca00000,0x00000007eca00000,0x00000007f2680000)
 ParOldGen       total 317440K, used 219004K [0x0000000780a00000, 0x0000000794000000, 0x00000007d5880000)
  object space 317440K, 68% used [0x0000000780a00000,0x000000078dfdf3f0,0x0000000794000000)
 PSPermGen       total 39424K, used 18554K [0x000000077b800000, 0x000000077de80000, 0x0000000780a00000)
  object space 39424K, 47% used [0x000000077b800000,0x000000077ca1eb08,0x000000077de80000)
GC Heap History (10 events):
Event: 3.736 GC heap before
{Heap before GC invocations=18 (full 2):
 PSYoungGen      total 203264K, used 192861K [0x00000007d5880000, 0x00000007e9400000, 0x0000000800000000)
  eden space 151552K, 100% used [0x00000007d5880000,0x00000007dec80000,0x00000007dec80000)
  from space 51712K, 79% used [0x00000007dec80000,0x00000007e14d7568,0x00000007e1f00000)
  to   space 56320K, 0% used [0x00000007e5d00000,0x00000007e5d00000,0x00000007e9400000)
 ParOldGen       total 178176K, used 71581K [0x0000000780a00000, 0x000000078b800000, 0x00000007d5880000)
  object space 178176K, 40% used [0x0000000780a00000,0x0000000784fe7690,0x000000078b800000)
 PSPermGen       total 40960K, used 18291K [0x000000077b800000, 0x000000077e000000, 0x0000000780a00000)
  object space 40960K, 44% used [0x000000077b800000,0x000000077c9dce60,0x000000077e000000)
Event: 3.764 GC heap after
Heap after GC invocations=18 (full 2):
 PSYoungGen      total 265728K, used 33085K [0x00000007d5880000, 0x00000007e9680000, 0x0000000800000000)
  eden space 209408K, 0% used [0x00000007d5880000,0x00000007d5880000,0x00000007e2500000)
  from space 56320K, 58% used [0x00000007e5d00000,0x00000007e7d4f568,0x00000007e9400000)
  to   space 57344K, 0% used [0x00000007e2500000,0x00000007e2500000,0x00000007e5d00000)
 ParOldGen       total 178176K, used 94965K [0x0000000780a00000, 0x000000078b800000, 0x00000007d5880000)
  object space 178176K, 53% used [0x0000000780a00000,0x00000007866bd690,0x000000078b800000)
 PSPermGen       total 40960K, used 18291K [0x000000077b800000, 0x000000077e000000, 0x0000000780a00000)
  object space 40960K, 44% used [0x000000077b800000,0x000000077c9dce60,0x000000077e000000)
}
Event: 4.486 GC heap before
{Heap before GC invocations=19 (full 2):
 PSYoungGen      total 265728K, used 242493K [0x00000007d5880000, 0x00000007e9680000, 0x0000000800000000)
  eden space 209408K, 100% used [0x00000007d5880000,0x00000007e2500000,0x00000007e2500000)
  from space 56320K, 58% used [0x00000007e5d00000,0x00000007e7d4f568,0x00000007e9400000)
  to   space 57344K, 0% used [0x00000007e2500000,0x00000007e2500000,0x00000007e5d00000)
 ParOldGen       total 178176K, used 94965K [0x0000000780a00000, 0x000000078b800000, 0x00000007d5880000)
  object space 178176K, 53% used [0x0000000780a00000,0x00000007866bd690,0x000000078b800000)
 PSPermGen       total 40960K, used 18336K [0x000000077b800000, 0x000000077e000000, 0x0000000780a00000)
  object space 40960K, 44% used [0x000000077b800000,0x000000077c9e83b0,0x000000077e000000)
Event: 4.532 GC heap after
Heap after GC invocations=19 (full 2):
 PSYoungGen      total 266752K, used 57328K [0x00000007d5880000, 0x00000007efa00000, 0x0000000800000000)
  eden space 209408K, 0% used [0x00000007d5880000,0x00000007d5880000,0x00000007e2500000)
  from space 57344K, 99% used [0x00000007e2500000,0x00000007e5cfc040,0x00000007e5d00000)
  to   space 83456K, 0% used [0x00000007ea880000,0x00000007ea880000,0x00000007efa00000)
 ParOldGen       total 178176K, used 139106K [0x0000000780a00000, 0x000000078b800000, 0x00000007d5880000)
  object space 178176K, 78% used [0x0000000780a00000,0x00000007891d8bf8,0x000000078b800000)
 PSPermGen       total 40960K, used 18336K [0x000000077b800000, 0x000000077e000000, 0x0000000780a00000)
  object space 40960K, 44% used [0x000000077b800000,0x000000077c9e83b0,0x000000077e000000)
}
Event: 4.532 GC heap before
{Heap before GC invocations=20 (full 3):
 PSYoungGen      total 266752K, used 57328K [0x00000007d5880000, 0x00000007efa00000, 0x0000000800000000)
  eden space 209408K, 0% used [0x00000007d5880000,0x00000007d5880000,0x00000007e2500000)
  from space 57344K, 99% used [0x00000007e2500000,0x00000007e5cfc040,0x00000007e5d00000)
  to   space 83456K, 0% used [0x00000007ea880000,0x00000007ea880000,0x00000007efa00000)
 ParOldGen       total 178176K, used 139106K [0x0000000780a00000, 0x000000078b800000, 0x00000007d5880000)
  object space 178176K, 78% used [0x0000000780a00000,0x00000007891d8bf8,0x000000078b800000)
 PSPermGen       total 40960K, used 18336K [0x000000077b800000, 0x000000077e000000, 0x0000000780a00000)
  object space 40960K, 44% used [0x000000077b800000,0x000000077c9e83b0,0x000000077e000000)
Event: 5.381 GC heap after
Heap after GC invocations=20 (full 3):
 PSYoungGen      total 266752K, used 0K [0x00000007d5880000, 0x00000007efa00000, 0x0000000800000000)
  eden space 209408K, 0% used [0x00000007d5880000,0x00000007d5880000,0x00000007e2500000)
  from space 57344K, 0% used [0x00000007e2500000,0x00000007e2500000,0x00000007e5d00000)
  to   space 83456K, 0% used [0x00000007ea880000,0x00000007ea880000,0x00000007efa00000)
 ParOldGen       total 317440K, used 153468K [0x0000000780a00000, 0x0000000794000000, 0x00000007d5880000)
  object space 317440K, 48% used [0x0000000780a00000,0x0000000789fdf3b0,0x0000000794000000)
 PSPermGen       total 39424K, used 18336K [0x000000077b800000, 0x000000077de80000, 0x0000000780a00000)
  object space 39424K, 46% used [0x000000077b800000,0x000000077c9e8370,0x000000077de80000)
}
Event: 6.830 GC heap before
{Heap before GC invocations=21 (full 3):
 PSYoungGen      total 266752K, used 209408K [0x00000007d5880000, 0x00000007efa00000, 0x0000000800000000)
  eden space 209408K, 100% used [0x00000007d5880000,0x00000007e2500000,0x00000007e2500000)
  from space 57344K, 0% used [0x00000007e2500000,0x00000007e2500000,0x00000007e5d00000)
  to   space 83456K, 0% used [0x00000007ea880000,0x00000007ea880000,0x00000007efa00000)
 ParOldGen       total 317440K, used 153468K [0x0000000780a00000, 0x0000000794000000, 0x00000007d5880000)
  object space 317440K, 48% used [0x0000000780a00000,0x0000000789fdf3b0,0x0000000794000000)
 PSPermGen       total 39424K, used 18359K [0x000000077b800000, 0x000000077de80000, 0x0000000780a00000)
  object space 39424K, 46% used [0x000000077b800000,0x000000077c9edf80,0x000000077de80000)
Event: 6.872 GC heap after
Heap after GC invocations=21 (full 3):
 PSYoungGen      total 330240K, used 82368K [0x00000007d5880000, 0x00000007f0780000, 0x0000000800000000)
  eden space 246784K, 0% used [0x00000007d5880000,0x00000007d5880000,0x00000007e4980000)
  from space 83456K, 98% used [0x00000007ea880000,0x00000007ef8f0050,0x00000007efa00000)
  to   space 97280K, 0% used [0x00000007e4980000,0x00000007e4980000,0x00000007ea880000)
 ParOldGen       total 317440K, used 219004K [0x0000000780a00000, 0x0000000794000000, 0x00000007d5880000)
  object space 317440K, 68% used [0x0000000780a00000,0x000000078dfdf3f0,0x0000000794000000)
 PSPermGen       total 39424K, used 18359K [0x000000077b800000, 0x000000077de80000, 0x0000000780a00000)
  object space 39424K, 46% used [0x000000077b800000,0x000000077c9edf80,0x000000077de80000)
}
Event: 7.986 GC heap before
{Heap before GC invocations=22 (full 3):
 PSYoungGen      total 330240K, used 326073K [0x00000007d5880000, 0x00000007f0780000, 0x0000000800000000)
  eden space 246784K, 98% used [0x00000007d5880000,0x00000007e467e430,0x00000007e4980000)
  from space 83456K, 98% used [0x00000007ea880000,0x00000007ef8f0050,0x00000007efa00000)
  to   space 97280K, 0% used [0x00000007e4980000,0x00000007e4980000,0x00000007ea880000)
 ParOldGen       total 317440K, used 219004K [0x0000000780a00000, 0x0000000794000000, 0x00000007d5880000)
  object space 317440K, 68% used [0x0000000780a00000,0x000000078dfdf3f0,0x0000000794000000)
 PSPermGen       total 39424K, used 18362K [0x000000077b800000, 0x000000077de80000, 0x0000000780a00000)
  object space 39424K, 46% used [0x000000077b800000,0x000000077c9eea18,0x000000077de80000)
Event: 7.988 GC heap after
Heap after GC invocations=22 (full 3):
 PSYoungGen      total 344064K, used 13088K [0x00000007d5880000, 0x00000007f2680000, 0x0000000800000000)
  eden space 246784K, 0% used [0x00000007d5880000,0x00000007d5880000,0x00000007e4980000)
  from space 97280K, 13% used [0x00000007e4980000,0x00000007e5648030,0x00000007ea880000)
  to   space 94720K, 0% used [0x00000007eca00000,0x00000007eca00000,0x00000007f2680000)
 ParOldGen       total 317440K, used 219004K [0x0000000780a00000, 0x0000000794000000, 0x00000007d5880000)
  object space 317440K, 68% used [0x0000000780a00000,0x000000078dfdf3f0,0x0000000794000000)
 PSPermGen       total 39424K, used 18362K [0x000000077b800000, 0x000000077de80000, 0x0000000780a00000)
  object space 39424K, 46% used [0x000000077b800000,0x000000077c9eea18,0x000000077de80000)
}

